<?xml version="1.0" encoding="UTF-8"?>
<testng-results ignored="0" total="40" passed="38" failed="2" skipped="0">
  <reporter-output>
  </reporter-output>
  <suite started-at="2020-08-24T20:56:26 IST" name="Peets production test suite" finished-at="2020-08-24T21:09:52 IST" duration-ms="806656">
    <groups>
    </groups>
    <test started-at="2020-08-24T20:56:26 IST" name="Peets Prod Automation" finished-at="2020-08-24T21:09:52 IST" duration-ms="806656">
      <class name="com.qa.testcases.Sign_up_page_test">
        <test-method is-config="true" signature="setup()[pri:0, instance:com.qa.testcases.Sign_up_page_test@35047d03]" started-at="2020-08-24T21:01:58 IST" name="setup" finished-at="2020-08-24T21:02:12 IST" duration-ms="13407" status="PASS">
          <reporter-output>
          </reporter-output>
        </test-method> <!-- setup -->
        <test-method signature="addcontactpresent()[pri:1, instance:com.qa.testcases.Sign_up_page_test@35047d03]" started-at="2020-08-24T21:02:12 IST" name="addcontactpresent" finished-at="2020-08-24T21:02:26 IST" duration-ms="14119" status="FAIL">
          <exception class="org.openqa.selenium.NoSuchElementException">
            <message>
              <![CDATA[no such element: Unable to locate element: {"method":"xpath","selector":"//span[text()='Create An Account']"}
  (Session info: chrome=84.0.4147.135)
For documentation on this error, please visit: http://seleniumhq.org/exceptions/no_such_element.html
Build info: version: '3.14.0', revision: 'aacccce0', time: '2018-08-02T20:19:58.91Z'
System info: host: 'DESKTOP-QSM3Q2F', ip: '192.168.43.129', os.name: 'Windows 10', os.arch: 'amd64', os.version: '10.0', java.version: '14'
Driver info: org.openqa.selenium.chrome.ChromeDriver
Capabilities {acceptInsecureCerts: false, browserName: chrome, browserVersion: 84.0.4147.135, chrome: {chromedriverVersion: 83.0.4103.39 (ccbf011cb2d2b..., userDataDir: C:\Users\THIMME~1\AppData\L...}, goog:chromeOptions: {debuggerAddress: localhost:52488}, javascriptEnabled: true, networkConnectionEnabled: false, pageLoadStrategy: normal, platform: WINDOWS, platformName: WINDOWS, proxy: Proxy(), setWindowRect: true, strictFileInteractability: false, timeouts: {implicit: 0, pageLoad: 300000, script: 30000}, unhandledPromptBehavior: dismiss and notify, webauthn:virtualAuthenticators: true}
Session ID: 1fbaa518b23eeef1a4011eb85ec20f8d
*** Element info: {Using=xpath, value=//span[text()='Create An Account']}]]>
            </message>
            <full-stacktrace>
              <![CDATA[org.openqa.selenium.NoSuchElementException: no such element: Unable to locate element: {"method":"xpath","selector":"//span[text()='Create An Account']"}
  (Session info: chrome=84.0.4147.135)
For documentation on this error, please visit: http://seleniumhq.org/exceptions/no_such_element.html
Build info: version: '3.14.0', revision: 'aacccce0', time: '2018-08-02T20:19:58.91Z'
System info: host: 'DESKTOP-QSM3Q2F', ip: '192.168.43.129', os.name: 'Windows 10', os.arch: 'amd64', os.version: '10.0', java.version: '14'
Driver info: org.openqa.selenium.chrome.ChromeDriver
Capabilities {acceptInsecureCerts: false, browserName: chrome, browserVersion: 84.0.4147.135, chrome: {chromedriverVersion: 83.0.4103.39 (ccbf011cb2d2b..., userDataDir: C:\Users\THIMME~1\AppData\L...}, goog:chromeOptions: {debuggerAddress: localhost:52488}, javascriptEnabled: true, networkConnectionEnabled: false, pageLoadStrategy: normal, platform: WINDOWS, platformName: WINDOWS, proxy: Proxy(), setWindowRect: true, strictFileInteractability: false, timeouts: {implicit: 0, pageLoad: 300000, script: 30000}, unhandledPromptBehavior: dismiss and notify, webauthn:virtualAuthenticators: true}
Session ID: 1fbaa518b23eeef1a4011eb85ec20f8d
*** Element info: {Using=xpath, value=//span[text()='Create An Account']}
at java.base/jdk.internal.reflect.NativeConstructorAccessorImpl.newInstance0(Native Method)
at java.base/jdk.internal.reflect.NativeConstructorAccessorImpl.newInstance(NativeConstructorAccessorImpl.java:62)
at java.base/jdk.internal.reflect.DelegatingConstructorAccessorImpl.newInstance(DelegatingConstructorAccessorImpl.java:45)
at java.base/java.lang.reflect.Constructor.newInstanceWithCaller(Constructor.java:500)
at java.base/java.lang.reflect.Constructor.newInstance(Constructor.java:481)
at org.openqa.selenium.remote.http.W3CHttpResponseCodec.createException(W3CHttpResponseCodec.java:187)
at org.openqa.selenium.remote.http.W3CHttpResponseCodec.decode(W3CHttpResponseCodec.java:122)
at org.openqa.selenium.remote.http.W3CHttpResponseCodec.decode(W3CHttpResponseCodec.java:49)
at org.openqa.selenium.remote.HttpCommandExecutor.execute(HttpCommandExecutor.java:158)
at org.openqa.selenium.remote.service.DriverCommandExecutor.execute(DriverCommandExecutor.java:83)
at org.openqa.selenium.remote.RemoteWebDriver.execute(RemoteWebDriver.java:548)
at org.openqa.selenium.remote.RemoteWebDriver.findElement(RemoteWebDriver.java:322)
at org.openqa.selenium.remote.RemoteWebDriver.findElementByXPath(RemoteWebDriver.java:424)
at org.openqa.selenium.By$ByXPath.findElement(By.java:353)
at org.openqa.selenium.remote.RemoteWebDriver.findElement(RemoteWebDriver.java:314)
at jdk.internal.reflect.GeneratedMethodAccessor4.invoke(Unknown Source)
at java.base/jdk.internal.reflect.DelegatingMethodAccessorImpl.invoke(DelegatingMethodAccessorImpl.java:43)
at java.base/java.lang.reflect.Method.invoke(Method.java:564)
at org.openqa.selenium.support.events.EventFiringWebDriver.lambda$new$1(EventFiringWebDriver.java:105)
at com.sun.proxy.$Proxy11.findElement(Unknown Source)
at org.openqa.selenium.support.events.EventFiringWebDriver.findElement(EventFiringWebDriver.java:194)
at org.openqa.selenium.support.pagefactory.DefaultElementLocator.findElement(DefaultElementLocator.java:69)
at org.openqa.selenium.support.pagefactory.internal.LocatingElementHandler.invoke(LocatingElementHandler.java:38)
at com.sun.proxy.$Proxy16.isDisplayed(Unknown Source)
at com.crm.qa.pages.Sign_up_page.checkcreatecontactdisplayed(Sign_up_page.java:50)
at com.qa.testcases.Sign_up_page_test.addcontactpresent(Sign_up_page_test.java:29)
at java.base/jdk.internal.reflect.NativeMethodAccessorImpl.invoke0(Native Method)
at java.base/jdk.internal.reflect.NativeMethodAccessorImpl.invoke(NativeMethodAccessorImpl.java:62)
at java.base/jdk.internal.reflect.DelegatingMethodAccessorImpl.invoke(DelegatingMethodAccessorImpl.java:43)
at java.base/java.lang.reflect.Method.invoke(Method.java:564)
at org.testng.internal.MethodInvocationHelper.invokeMethod(MethodInvocationHelper.java:135)
at org.testng.internal.TestInvoker.invokeMethod(TestInvoker.java:598)
at org.testng.internal.TestInvoker.invokeTestMethod(TestInvoker.java:174)
at org.testng.internal.MethodRunner.runInSequence(MethodRunner.java:46)
at org.testng.internal.TestInvoker$MethodInvocationAgent.invoke(TestInvoker.java:821)
at org.testng.internal.TestInvoker.invokeTestMethods(TestInvoker.java:147)
at org.testng.internal.TestMethodWorker.invokeTestMethods(TestMethodWorker.java:146)
at org.testng.internal.TestMethodWorker.run(TestMethodWorker.java:128)
at java.base/java.util.ArrayList.forEach(ArrayList.java:1510)
at org.testng.TestRunner.privateRun(TestRunner.java:767)
at org.testng.TestRunner.run(TestRunner.java:588)
at org.testng.SuiteRunner.runTest(SuiteRunner.java:384)
at org.testng.SuiteRunner.runSequentially(SuiteRunner.java:378)
at org.testng.SuiteRunner.privateRun(SuiteRunner.java:337)
at org.testng.SuiteRunner.run(SuiteRunner.java:286)
at org.testng.SuiteRunnerWorker.runSuite(SuiteRunnerWorker.java:53)
at org.testng.SuiteRunnerWorker.run(SuiteRunnerWorker.java:96)
at org.testng.TestNG.runSuitesSequentially(TestNG.java:1214)
at org.testng.TestNG.runSuitesLocally(TestNG.java:1136)
at org.testng.TestNG.runSuites(TestNG.java:1066)
at org.testng.TestNG.run(TestNG.java:1034)
at org.testng.remote.AbstractRemoteTestNG.run(AbstractRemoteTestNG.java:115)
at org.testng.remote.RemoteTestNG.initAndRun(RemoteTestNG.java:251)
at org.testng.remote.RemoteTestNG.main(RemoteTestNG.java:77)
]]>
            </full-stacktrace>
          </exception> <!-- org.openqa.selenium.NoSuchElementException -->
          <reporter-output>
          </reporter-output>
        </test-method> <!-- addcontactpresent -->
        <test-method is-config="true" signature="teardown()[pri:0, instance:com.qa.testcases.Sign_up_page_test@35047d03]" started-at="2020-08-24T21:02:26 IST" name="teardown" finished-at="2020-08-24T21:02:27 IST" duration-ms="679" status="PASS">
          <reporter-output>
          </reporter-output>
        </test-method> <!-- teardown -->
        <test-method is-config="true" signature="setup()[pri:0, instance:com.qa.testcases.Sign_up_page_test@35047d03]" started-at="2020-08-24T21:02:27 IST" name="setup" finished-at="2020-08-24T21:02:42 IST" duration-ms="14374" status="PASS">
          <reporter-output>
          </reporter-output>
        </test-method> <!-- setup -->
        <test-method signature="addcntact(java.lang.String, java.lang.String, java.lang.String, java.lang.String, java.lang.String, java.lang.String)[pri:2, instance:com.qa.testcases.Sign_up_page_test@35047d03]" started-at="2020-08-24T21:02:42 IST" name="addcntact" data-provider="getdata" finished-at="2020-08-24T21:03:05 IST" duration-ms="23001" status="PASS">
          <params>
            <param index="0">
              <value>
                <![CDATA[tammy]]>
              </value>
            </param>
            <param index="1">
              <value>
                <![CDATA[james]]>
              </value>
            </param>
            <param index="2">
              <value>
                <![CDATA[tammg100@gmail.com]]>
              </value>
            </param>
            <param index="3">
              <value>
                <![CDATA[tammg100@gmail.com]]>
              </value>
            </param>
            <param index="4">
              <value>
                <![CDATA[Dolphin@123]]>
              </value>
            </param>
            <param index="5">
              <value>
                <![CDATA[Dolphin@123]]>
              </value>
            </param>
          </params>
          <reporter-output>
          </reporter-output>
        </test-method> <!-- addcntact -->
        <test-method is-config="true" signature="teardown()[pri:0, instance:com.qa.testcases.Sign_up_page_test@35047d03]" started-at="2020-08-24T21:03:05 IST" name="teardown" finished-at="2020-08-24T21:03:05 IST" duration-ms="726" status="PASS">
          <reporter-output>
          </reporter-output>
        </test-method> <!-- teardown -->
        <test-method is-config="true" signature="setup()[pri:0, instance:com.qa.testcases.Sign_up_page_test@35047d03]" started-at="2020-08-24T21:03:05 IST" name="setup" finished-at="2020-08-24T21:03:19 IST" duration-ms="14076" status="PASS">
          <reporter-output>
          </reporter-output>
        </test-method> <!-- setup -->
        <test-method signature="addcntact(java.lang.String, java.lang.String, java.lang.String, java.lang.String, java.lang.String, java.lang.String)[pri:2, instance:com.qa.testcases.Sign_up_page_test@35047d03]" started-at="2020-08-24T21:03:19 IST" name="addcntact" data-provider="getdata" finished-at="2020-08-24T21:03:41 IST" duration-ms="22176" status="PASS">
          <params>
            <param index="0">
              <value>
                <![CDATA[gary]]>
              </value>
            </param>
            <param index="1">
              <value>
                <![CDATA[grovees]]>
              </value>
            </param>
            <param index="2">
              <value>
                <![CDATA[garygrovs2020@gmail.com]]>
              </value>
            </param>
            <param index="3">
              <value>
                <![CDATA[garygrovs2020@gmail.com]]>
              </value>
            </param>
            <param index="4">
              <value>
                <![CDATA[Dolphin@123]]>
              </value>
            </param>
            <param index="5">
              <value>
                <![CDATA[Dolphin@123]]>
              </value>
            </param>
          </params>
          <reporter-output>
          </reporter-output>
        </test-method> <!-- addcntact -->
        <test-method is-config="true" signature="teardown()[pri:0, instance:com.qa.testcases.Sign_up_page_test@35047d03]" started-at="2020-08-24T21:03:41 IST" name="teardown" finished-at="2020-08-24T21:03:42 IST" duration-ms="680" status="PASS">
          <reporter-output>
          </reporter-output>
        </test-method> <!-- teardown -->
      </class> <!-- com.qa.testcases.Sign_up_page_test -->
      <class name="com.qa.testcases.Footer_page_test">
        <test-method is-config="true" signature="setup()[pri:0, instance:com.qa.testcases.Footer_page_test@769f71a9]" started-at="2020-08-24T21:04:24 IST" name="setup" finished-at="2020-08-24T21:04:38 IST" duration-ms="14029" status="PASS">
          <reporter-output>
          </reporter-output>
        </test-method> <!-- setup -->
        <test-method signature="Help_Centerfooterlnkcheck()[pri:1, instance:com.qa.testcases.Footer_page_test@769f71a9]" started-at="2020-08-24T21:04:38 IST" name="Help_Centerfooterlnkcheck" finished-at="2020-08-24T21:04:38 IST" duration-ms="34" status="PASS">
          <reporter-output>
          </reporter-output>
        </test-method> <!-- Help_Centerfooterlnkcheck -->
        <test-method is-config="true" signature="teardown()[pri:0, instance:com.qa.testcases.Footer_page_test@769f71a9]" started-at="2020-08-24T21:04:38 IST" name="teardown" finished-at="2020-08-24T21:04:38 IST" duration-ms="625" status="PASS">
          <reporter-output>
          </reporter-output>
        </test-method> <!-- teardown -->
        <test-method is-config="true" signature="setup()[pri:0, instance:com.qa.testcases.Footer_page_test@769f71a9]" started-at="2020-08-24T21:04:38 IST" name="setup" finished-at="2020-08-24T21:04:52 IST" duration-ms="13806" status="PASS">
          <reporter-output>
          </reporter-output>
        </test-method> <!-- setup -->
        <test-method signature="verify_my_account_link()[pri:2, instance:com.qa.testcases.Footer_page_test@769f71a9]" started-at="2020-08-24T21:04:52 IST" name="verify_my_account_link" finished-at="2020-08-24T21:04:52 IST" duration-ms="39" status="PASS">
          <reporter-output>
          </reporter-output>
        </test-method> <!-- verify_my_account_link -->
        <test-method is-config="true" signature="teardown()[pri:0, instance:com.qa.testcases.Footer_page_test@769f71a9]" started-at="2020-08-24T21:04:52 IST" name="teardown" finished-at="2020-08-24T21:04:53 IST" duration-ms="623" status="PASS">
          <reporter-output>
          </reporter-output>
        </test-method> <!-- teardown -->
        <test-method is-config="true" signature="setup()[pri:0, instance:com.qa.testcases.Footer_page_test@769f71a9]" started-at="2020-08-24T21:04:53 IST" name="setup" finished-at="2020-08-24T21:05:08 IST" duration-ms="15280" status="PASS">
          <reporter-output>
          </reporter-output>
        </test-method> <!-- setup -->
        <test-method signature="verify_Peets_Cards()[pri:3, instance:com.qa.testcases.Footer_page_test@769f71a9]" started-at="2020-08-24T21:05:08 IST" name="verify_Peets_Cards" finished-at="2020-08-24T21:05:08 IST" duration-ms="63" status="PASS">
          <reporter-output>
          </reporter-output>
        </test-method> <!-- verify_Peets_Cards -->
        <test-method is-config="true" signature="teardown()[pri:0, instance:com.qa.testcases.Footer_page_test@769f71a9]" started-at="2020-08-24T21:05:08 IST" name="teardown" finished-at="2020-08-24T21:05:09 IST" duration-ms="624" status="PASS">
          <reporter-output>
          </reporter-output>
        </test-method> <!-- teardown -->
        <test-method is-config="true" signature="setup()[pri:0, instance:com.qa.testcases.Footer_page_test@769f71a9]" started-at="2020-08-24T21:05:09 IST" name="setup" finished-at="2020-08-24T21:05:22 IST" duration-ms="13102" status="PASS">
          <reporter-output>
          </reporter-output>
        </test-method> <!-- setup -->
        <test-method signature="verify_Peetnik_cardslnk()[pri:4, instance:com.qa.testcases.Footer_page_test@769f71a9]" started-at="2020-08-24T21:05:22 IST" name="verify_Peetnik_cardslnk" finished-at="2020-08-24T21:05:22 IST" duration-ms="39" status="PASS">
          <reporter-output>
          </reporter-output>
        </test-method> <!-- verify_Peetnik_cardslnk -->
        <test-method is-config="true" signature="teardown()[pri:0, instance:com.qa.testcases.Footer_page_test@769f71a9]" started-at="2020-08-24T21:05:22 IST" name="teardown" finished-at="2020-08-24T21:05:23 IST" duration-ms="717" status="PASS">
          <reporter-output>
          </reporter-output>
        </test-method> <!-- teardown -->
        <test-method is-config="true" signature="setup()[pri:0, instance:com.qa.testcases.Footer_page_test@769f71a9]" started-at="2020-08-24T21:05:23 IST" name="setup" finished-at="2020-08-24T21:05:36 IST" duration-ms="13540" status="PASS">
          <reporter-output>
          </reporter-output>
        </test-method> <!-- setup -->
        <test-method signature="verify_Shipping_Returnslink()[pri:5, instance:com.qa.testcases.Footer_page_test@769f71a9]" started-at="2020-08-24T21:05:36 IST" name="verify_Shipping_Returnslink" finished-at="2020-08-24T21:05:36 IST" duration-ms="83" status="PASS">
          <reporter-output>
          </reporter-output>
        </test-method> <!-- verify_Shipping_Returnslink -->
        <test-method is-config="true" signature="teardown()[pri:0, instance:com.qa.testcases.Footer_page_test@769f71a9]" started-at="2020-08-24T21:05:36 IST" name="teardown" finished-at="2020-08-24T21:05:37 IST" duration-ms="656" status="PASS">
          <reporter-output>
          </reporter-output>
        </test-method> <!-- teardown -->
        <test-method is-config="true" signature="setup()[pri:0, instance:com.qa.testcases.Footer_page_test@769f71a9]" started-at="2020-08-24T21:05:37 IST" name="setup" finished-at="2020-08-24T21:05:51 IST" duration-ms="13900" status="PASS">
          <reporter-output>
          </reporter-output>
        </test-method> <!-- setup -->
        <test-method signature="verify_Current_Offerslink()[pri:6, instance:com.qa.testcases.Footer_page_test@769f71a9]" started-at="2020-08-24T21:05:51 IST" name="verify_Current_Offerslink" finished-at="2020-08-24T21:05:51 IST" duration-ms="39" status="PASS">
          <reporter-output>
          </reporter-output>
        </test-method> <!-- verify_Current_Offerslink -->
        <test-method is-config="true" signature="teardown()[pri:0, instance:com.qa.testcases.Footer_page_test@769f71a9]" started-at="2020-08-24T21:05:51 IST" name="teardown" finished-at="2020-08-24T21:05:52 IST" duration-ms="1113" status="PASS">
          <reporter-output>
          </reporter-output>
        </test-method> <!-- teardown -->
        <test-method is-config="true" signature="setup()[pri:0, instance:com.qa.testcases.Footer_page_test@769f71a9]" started-at="2020-08-24T21:05:52 IST" name="setup" finished-at="2020-08-24T21:06:05 IST" duration-ms="13050" status="PASS">
          <reporter-output>
          </reporter-output>
        </test-method> <!-- setup -->
        <test-method signature="verifyGrocery_Storeslink()[pri:7, instance:com.qa.testcases.Footer_page_test@769f71a9]" started-at="2020-08-24T21:06:05 IST" name="verifyGrocery_Storeslink" finished-at="2020-08-24T21:06:05 IST" duration-ms="40" status="PASS">
          <reporter-output>
          </reporter-output>
        </test-method> <!-- verifyGrocery_Storeslink -->
        <test-method is-config="true" signature="teardown()[pri:0, instance:com.qa.testcases.Footer_page_test@769f71a9]" started-at="2020-08-24T21:06:05 IST" name="teardown" finished-at="2020-08-24T21:06:06 IST" duration-ms="634" status="PASS">
          <reporter-output>
          </reporter-output>
        </test-method> <!-- teardown -->
        <test-method is-config="true" signature="setup()[pri:0, instance:com.qa.testcases.Footer_page_test@769f71a9]" started-at="2020-08-24T21:06:06 IST" name="setup" finished-at="2020-08-24T21:06:18 IST" duration-ms="12902" status="PASS">
          <reporter-output>
          </reporter-output>
        </test-method> <!-- setup -->
        <test-method signature="verifyCodeofEthicslnkcheck()[pri:8, instance:com.qa.testcases.Footer_page_test@769f71a9]" started-at="2020-08-24T21:06:18 IST" name="verifyCodeofEthicslnkcheck" finished-at="2020-08-24T21:06:19 IST" duration-ms="52" status="PASS">
          <reporter-output>
          </reporter-output>
        </test-method> <!-- verifyCodeofEthicslnkcheck -->
        <test-method is-config="true" signature="teardown()[pri:0, instance:com.qa.testcases.Footer_page_test@769f71a9]" started-at="2020-08-24T21:06:19 IST" name="teardown" finished-at="2020-08-24T21:06:19 IST" duration-ms="709" status="PASS">
          <reporter-output>
          </reporter-output>
        </test-method> <!-- teardown -->
        <test-method is-config="true" signature="setup()[pri:0, instance:com.qa.testcases.Footer_page_test@769f71a9]" started-at="2020-08-24T21:06:19 IST" name="setup" finished-at="2020-08-24T21:06:33 IST" duration-ms="13987" status="PASS">
          <reporter-output>
          </reporter-output>
        </test-method> <!-- setup -->
        <test-method signature="verifyResponsibleSourcinglnkcheck()[pri:9, instance:com.qa.testcases.Footer_page_test@769f71a9]" started-at="2020-08-24T21:06:33 IST" name="verifyResponsibleSourcinglnkcheck" finished-at="2020-08-24T21:06:33 IST" duration-ms="42" status="PASS">
          <reporter-output>
          </reporter-output>
        </test-method> <!-- verifyResponsibleSourcinglnkcheck -->
        <test-method is-config="true" signature="teardown()[pri:0, instance:com.qa.testcases.Footer_page_test@769f71a9]" started-at="2020-08-24T21:06:33 IST" name="teardown" finished-at="2020-08-24T21:06:34 IST" duration-ms="636" status="PASS">
          <reporter-output>
          </reporter-output>
        </test-method> <!-- teardown -->
        <test-method is-config="true" signature="setup()[pri:0, instance:com.qa.testcases.Footer_page_test@769f71a9]" started-at="2020-08-24T21:06:34 IST" name="setup" finished-at="2020-08-24T21:06:48 IST" duration-ms="14041" status="PASS">
          <reporter-output>
          </reporter-output>
        </test-method> <!-- setup -->
        <test-method signature="verifySubmitASitelnkcheck()[pri:10, instance:com.qa.testcases.Footer_page_test@769f71a9]" started-at="2020-08-24T21:06:48 IST" name="verifySubmitASitelnkcheck" finished-at="2020-08-24T21:06:48 IST" duration-ms="229" status="PASS">
          <reporter-output>
          </reporter-output>
        </test-method> <!-- verifySubmitASitelnkcheck -->
        <test-method is-config="true" signature="teardown()[pri:0, instance:com.qa.testcases.Footer_page_test@769f71a9]" started-at="2020-08-24T21:06:48 IST" name="teardown" finished-at="2020-08-24T21:06:49 IST" duration-ms="667" status="PASS">
          <reporter-output>
          </reporter-output>
        </test-method> <!-- teardown -->
        <test-method is-config="true" signature="setup()[pri:0, instance:com.qa.testcases.Footer_page_test@769f71a9]" started-at="2020-08-24T21:06:49 IST" name="setup" finished-at="2020-08-24T21:07:03 IST" duration-ms="14386" status="PASS">
          <reporter-output>
          </reporter-output>
        </test-method> <!-- setup -->
        <test-method signature="verifyAffiliateProgramlnkcheck()[pri:11, instance:com.qa.testcases.Footer_page_test@769f71a9]" started-at="2020-08-24T21:07:03 IST" name="verifyAffiliateProgramlnkcheck" finished-at="2020-08-24T21:07:03 IST" duration-ms="35" status="PASS">
          <reporter-output>
          </reporter-output>
        </test-method> <!-- verifyAffiliateProgramlnkcheck -->
        <test-method is-config="true" signature="teardown()[pri:0, instance:com.qa.testcases.Footer_page_test@769f71a9]" started-at="2020-08-24T21:07:03 IST" name="teardown" finished-at="2020-08-24T21:07:04 IST" duration-ms="688" status="PASS">
          <reporter-output>
          </reporter-output>
        </test-method> <!-- teardown -->
        <test-method is-config="true" signature="setup()[pri:0, instance:com.qa.testcases.Footer_page_test@769f71a9]" started-at="2020-08-24T21:07:04 IST" name="setup" finished-at="2020-08-24T21:07:38 IST" duration-ms="34293" status="PASS">
          <reporter-output>
          </reporter-output>
        </test-method> <!-- setup -->
        <test-method signature="verifySupplyChainTransparencylnk()[pri:12, instance:com.qa.testcases.Footer_page_test@769f71a9]" started-at="2020-08-24T21:07:38 IST" name="verifySupplyChainTransparencylnk" finished-at="2020-08-24T21:07:38 IST" duration-ms="37" status="PASS">
          <reporter-output>
          </reporter-output>
        </test-method> <!-- verifySupplyChainTransparencylnk -->
        <test-method is-config="true" signature="teardown()[pri:0, instance:com.qa.testcases.Footer_page_test@769f71a9]" started-at="2020-08-24T21:07:38 IST" name="teardown" finished-at="2020-08-24T21:07:39 IST" duration-ms="627" status="PASS">
          <reporter-output>
          </reporter-output>
        </test-method> <!-- teardown -->
        <test-method is-config="true" signature="setup()[pri:0, instance:com.qa.testcases.Footer_page_test@769f71a9]" started-at="2020-08-24T21:07:39 IST" name="setup" finished-at="2020-08-24T21:07:55 IST" duration-ms="15826" status="PASS">
          <reporter-output>
          </reporter-output>
        </test-method> <!-- setup -->
        <test-method signature="verifyLicensedPartners()[pri:13, instance:com.qa.testcases.Footer_page_test@769f71a9]" started-at="2020-08-24T21:07:55 IST" name="verifyLicensedPartners" finished-at="2020-08-24T21:07:55 IST" duration-ms="31" status="PASS">
          <reporter-output>
          </reporter-output>
        </test-method> <!-- verifyLicensedPartners -->
        <test-method is-config="true" signature="teardown()[pri:0, instance:com.qa.testcases.Footer_page_test@769f71a9]" started-at="2020-08-24T21:07:55 IST" name="teardown" finished-at="2020-08-24T21:07:56 IST" duration-ms="950" status="PASS">
          <reporter-output>
          </reporter-output>
        </test-method> <!-- teardown -->
        <test-method is-config="true" signature="setup()[pri:0, instance:com.qa.testcases.Footer_page_test@769f71a9]" started-at="2020-08-24T21:07:56 IST" name="setup" finished-at="2020-08-24T21:08:09 IST" duration-ms="13660" status="PASS">
          <reporter-output>
          </reporter-output>
        </test-method> <!-- setup -->
        <test-method signature="verifyProudlyPouringlnkcheck()[pri:14, instance:com.qa.testcases.Footer_page_test@769f71a9]" started-at="2020-08-24T21:08:09 IST" name="verifyProudlyPouringlnkcheck" finished-at="2020-08-24T21:08:09 IST" duration-ms="48" status="PASS">
          <reporter-output>
          </reporter-output>
        </test-method> <!-- verifyProudlyPouringlnkcheck -->
        <test-method is-config="true" signature="teardown()[pri:0, instance:com.qa.testcases.Footer_page_test@769f71a9]" started-at="2020-08-24T21:08:09 IST" name="teardown" finished-at="2020-08-24T21:08:11 IST" duration-ms="1092" status="PASS">
          <reporter-output>
          </reporter-output>
        </test-method> <!-- teardown -->
        <test-method is-config="true" signature="setup()[pri:0, instance:com.qa.testcases.Footer_page_test@769f71a9]" started-at="2020-08-24T21:08:11 IST" name="setup" finished-at="2020-08-24T21:08:23 IST" duration-ms="12945" status="PASS">
          <reporter-output>
          </reporter-output>
        </test-method> <!-- setup -->
        <test-method signature="verifyOfficeCoffeelink()[pri:15, instance:com.qa.testcases.Footer_page_test@769f71a9]" started-at="2020-08-24T21:08:23 IST" name="verifyOfficeCoffeelink" finished-at="2020-08-24T21:08:23 IST" duration-ms="34" status="PASS">
          <reporter-output>
          </reporter-output>
        </test-method> <!-- verifyOfficeCoffeelink -->
        <test-method is-config="true" signature="teardown()[pri:0, instance:com.qa.testcases.Footer_page_test@769f71a9]" started-at="2020-08-24T21:08:23 IST" name="teardown" finished-at="2020-08-24T21:08:24 IST" duration-ms="644" status="PASS">
          <reporter-output>
          </reporter-output>
        </test-method> <!-- teardown -->
        <test-method is-config="true" signature="setup()[pri:0, instance:com.qa.testcases.Footer_page_test@769f71a9]" started-at="2020-08-24T21:08:24 IST" name="setup" finished-at="2020-08-24T21:08:38 IST" duration-ms="14132" status="PASS">
          <reporter-output>
          </reporter-output>
        </test-method> <!-- setup -->
        <test-method signature="HverifyMightyLeafTealnk()[pri:16, instance:com.qa.testcases.Footer_page_test@769f71a9]" started-at="2020-08-24T21:08:38 IST" name="HverifyMightyLeafTealnk" finished-at="2020-08-24T21:08:38 IST" duration-ms="29" status="PASS">
          <reporter-output>
          </reporter-output>
        </test-method> <!-- HverifyMightyLeafTealnk -->
        <test-method is-config="true" signature="teardown()[pri:0, instance:com.qa.testcases.Footer_page_test@769f71a9]" started-at="2020-08-24T21:08:38 IST" name="teardown" finished-at="2020-08-24T21:08:39 IST" duration-ms="637" status="PASS">
          <reporter-output>
          </reporter-output>
        </test-method> <!-- teardown -->
        <test-method is-config="true" signature="setup()[pri:0, instance:com.qa.testcases.Footer_page_test@769f71a9]" started-at="2020-08-24T21:08:39 IST" name="setup" finished-at="2020-08-24T21:08:52 IST" duration-ms="13118" status="PASS">
          <reporter-output>
          </reporter-output>
        </test-method> <!-- setup -->
        <test-method signature="verifyJoinPeetslink()[pri:17, instance:com.qa.testcases.Footer_page_test@769f71a9]" started-at="2020-08-24T21:08:52 IST" name="verifyJoinPeetslink" finished-at="2020-08-24T21:08:52 IST" duration-ms="37" status="PASS">
          <reporter-output>
          </reporter-output>
        </test-method> <!-- verifyJoinPeetslink -->
        <test-method is-config="true" signature="teardown()[pri:0, instance:com.qa.testcases.Footer_page_test@769f71a9]" started-at="2020-08-24T21:08:52 IST" name="teardown" finished-at="2020-08-24T21:08:53 IST" duration-ms="632" status="PASS">
          <reporter-output>
          </reporter-output>
        </test-method> <!-- teardown -->
        <test-method is-config="true" signature="setup()[pri:0, instance:com.qa.testcases.Footer_page_test@769f71a9]" started-at="2020-08-24T21:08:53 IST" name="setup" finished-at="2020-08-24T21:09:06 IST" duration-ms="13455" status="PASS">
          <reporter-output>
          </reporter-output>
        </test-method> <!-- setup -->
        <test-method signature="verifySocialResponsibilitylink()[pri:18, instance:com.qa.testcases.Footer_page_test@769f71a9]" started-at="2020-08-24T21:09:06 IST" name="verifySocialResponsibilitylink" finished-at="2020-08-24T21:09:06 IST" duration-ms="72" status="PASS">
          <reporter-output>
          </reporter-output>
        </test-method> <!-- verifySocialResponsibilitylink -->
        <test-method is-config="true" signature="teardown()[pri:0, instance:com.qa.testcases.Footer_page_test@769f71a9]" started-at="2020-08-24T21:09:06 IST" name="teardown" finished-at="2020-08-24T21:09:07 IST" duration-ms="640" status="PASS">
          <reporter-output>
          </reporter-output>
        </test-method> <!-- teardown -->
        <test-method is-config="true" signature="setup()[pri:0, instance:com.qa.testcases.Footer_page_test@769f71a9]" started-at="2020-08-24T21:09:07 IST" name="setup" finished-at="2020-08-24T21:09:22 IST" duration-ms="15405" status="PASS">
          <reporter-output>
          </reporter-output>
        </test-method> <!-- setup -->
        <test-method signature="verifyOurpeoplelink()[pri:19, instance:com.qa.testcases.Footer_page_test@769f71a9]" started-at="2020-08-24T21:09:22 IST" name="verifyOurpeoplelink" finished-at="2020-08-24T21:09:22 IST" duration-ms="72" status="PASS">
          <reporter-output>
          </reporter-output>
        </test-method> <!-- verifyOurpeoplelink -->
        <test-method is-config="true" signature="teardown()[pri:0, instance:com.qa.testcases.Footer_page_test@769f71a9]" started-at="2020-08-24T21:09:22 IST" name="teardown" finished-at="2020-08-24T21:09:23 IST" duration-ms="630" status="PASS">
          <reporter-output>
          </reporter-output>
        </test-method> <!-- teardown -->
        <test-method is-config="true" signature="setup()[pri:0, instance:com.qa.testcases.Footer_page_test@769f71a9]" started-at="2020-08-24T21:09:23 IST" name="setup" finished-at="2020-08-24T21:09:37 IST" duration-ms="14252" status="PASS">
          <reporter-output>
          </reporter-output>
        </test-method> <!-- setup -->
        <test-method signature="verifyNewsroom()[pri:20, instance:com.qa.testcases.Footer_page_test@769f71a9]" started-at="2020-08-24T21:09:37 IST" name="verifyNewsroom" finished-at="2020-08-24T21:09:37 IST" duration-ms="32" status="PASS">
          <reporter-output>
          </reporter-output>
        </test-method> <!-- verifyNewsroom -->
        <test-method is-config="true" signature="teardown()[pri:0, instance:com.qa.testcases.Footer_page_test@769f71a9]" started-at="2020-08-24T21:09:37 IST" name="teardown" finished-at="2020-08-24T21:09:38 IST" duration-ms="619" status="PASS">
          <reporter-output>
          </reporter-output>
        </test-method> <!-- teardown -->
        <test-method is-config="true" signature="setup()[pri:0, instance:com.qa.testcases.Footer_page_test@769f71a9]" started-at="2020-08-24T21:09:38 IST" name="setup" finished-at="2020-08-24T21:09:52 IST" duration-ms="13902" status="PASS">
          <reporter-output>
          </reporter-output>
        </test-method> <!-- setup -->
        <test-method signature="verifyreferafriendlink()[pri:21, instance:com.qa.testcases.Footer_page_test@769f71a9]" started-at="2020-08-24T21:09:52 IST" name="verifyreferafriendlink" finished-at="2020-08-24T21:09:52 IST" duration-ms="30" status="PASS">
          <reporter-output>
          </reporter-output>
        </test-method> <!-- verifyreferafriendlink -->
        <test-method is-config="true" signature="teardown()[pri:0, instance:com.qa.testcases.Footer_page_test@769f71a9]" started-at="2020-08-24T21:09:52 IST" name="teardown" finished-at="2020-08-24T21:09:52 IST" duration-ms="634" status="PASS">
          <reporter-output>
          </reporter-output>
        </test-method> <!-- teardown -->
      </class> <!-- com.qa.testcases.Footer_page_test -->
      <class name="com.qa.testcases.Homepagetest">
        <test-method is-config="true" signature="setup()[pri:0, instance:com.qa.testcases.Homepagetest@76908cc0]" started-at="2020-08-24T20:57:27 IST" name="setup" finished-at="2020-08-24T20:57:41 IST" duration-ms="13965" status="PASS">
          <reporter-output>
          </reporter-output>
        </test-method> <!-- setup -->
        <test-method signature="Hoveronsubscriptionsheaderlink()[pri:1, instance:com.qa.testcases.Homepagetest@76908cc0]" started-at="2020-08-24T20:57:41 IST" name="Hoveronsubscriptionsheaderlink" finished-at="2020-08-24T20:57:41 IST" duration-ms="88" status="PASS">
          <reporter-output>
          </reporter-output>
        </test-method> <!-- Hoveronsubscriptionsheaderlink -->
        <test-method is-config="true" signature="teardown()[pri:0, instance:com.qa.testcases.Homepagetest@76908cc0]" started-at="2020-08-24T20:57:41 IST" name="teardown" finished-at="2020-08-24T20:57:41 IST" duration-ms="638" status="PASS">
          <reporter-output>
          </reporter-output>
        </test-method> <!-- teardown -->
        <test-method is-config="true" signature="setup()[pri:0, instance:com.qa.testcases.Homepagetest@76908cc0]" started-at="2020-08-24T20:57:41 IST" name="setup" finished-at="2020-08-24T20:57:55 IST" duration-ms="13564" status="PASS">
          <reporter-output>
          </reporter-output>
        </test-method> <!-- setup -->
        <test-method signature="Hoveronsubscriptionsheaderlinkclick()[pri:2, instance:com.qa.testcases.Homepagetest@76908cc0]" started-at="2020-08-24T20:57:55 IST" name="Hoveronsubscriptionsheaderlinkclick" finished-at="2020-08-24T20:57:55 IST" duration-ms="303" status="PASS">
          <reporter-output>
          </reporter-output>
        </test-method> <!-- Hoveronsubscriptionsheaderlinkclick -->
        <test-method is-config="true" signature="teardown()[pri:0, instance:com.qa.testcases.Homepagetest@76908cc0]" started-at="2020-08-24T20:57:55 IST" name="teardown" finished-at="2020-08-24T20:57:56 IST" duration-ms="664" status="PASS">
          <reporter-output>
          </reporter-output>
        </test-method> <!-- teardown -->
        <test-method is-config="true" signature="setup()[pri:0, instance:com.qa.testcases.Homepagetest@76908cc0]" started-at="2020-08-24T20:57:56 IST" name="setup" finished-at="2020-08-24T20:58:10 IST" duration-ms="13607" status="PASS">
          <reporter-output>
          </reporter-output>
        </test-method> <!-- setup -->
        <test-method signature="Hoveronlocationsheaderlink()[pri:3, instance:com.qa.testcases.Homepagetest@76908cc0]" started-at="2020-08-24T20:58:10 IST" name="Hoveronlocationsheaderlink" finished-at="2020-08-24T20:58:10 IST" duration-ms="343" status="PASS">
          <reporter-output>
          </reporter-output>
        </test-method> <!-- Hoveronlocationsheaderlink -->
        <test-method is-config="true" signature="teardown()[pri:0, instance:com.qa.testcases.Homepagetest@76908cc0]" started-at="2020-08-24T20:58:10 IST" name="teardown" finished-at="2020-08-24T20:58:11 IST" duration-ms="653" status="PASS">
          <reporter-output>
          </reporter-output>
        </test-method> <!-- teardown -->
        <test-method is-config="true" signature="setup()[pri:0, instance:com.qa.testcases.Homepagetest@76908cc0]" started-at="2020-08-24T20:58:11 IST" name="setup" finished-at="2020-08-24T20:58:24 IST" duration-ms="13626" status="PASS">
          <reporter-output>
          </reporter-output>
        </test-method> <!-- setup -->
        <test-method signature="Hoveronmenuheaderlink()[pri:4, instance:com.qa.testcases.Homepagetest@76908cc0]" started-at="2020-08-24T20:58:24 IST" name="Hoveronmenuheaderlink" finished-at="2020-08-24T20:58:25 IST" duration-ms="328" status="PASS">
          <reporter-output>
          </reporter-output>
        </test-method> <!-- Hoveronmenuheaderlink -->
        <test-method is-config="true" signature="teardown()[pri:0, instance:com.qa.testcases.Homepagetest@76908cc0]" started-at="2020-08-24T20:58:25 IST" name="teardown" finished-at="2020-08-24T20:58:26 IST" duration-ms="1103" status="PASS">
          <reporter-output>
          </reporter-output>
        </test-method> <!-- teardown -->
        <test-method is-config="true" signature="setup()[pri:0, instance:com.qa.testcases.Homepagetest@76908cc0]" started-at="2020-08-24T20:58:26 IST" name="setup" finished-at="2020-08-24T20:58:41 IST" duration-ms="15172" status="PASS">
          <reporter-output>
          </reporter-output>
        </test-method> <!-- setup -->
        <test-method signature="Hoveronrewardslink()[pri:5, instance:com.qa.testcases.Homepagetest@76908cc0]" started-at="2020-08-24T20:58:41 IST" name="Hoveronrewardslink" finished-at="2020-08-24T20:58:41 IST" duration-ms="133" status="PASS">
          <reporter-output>
          </reporter-output>
        </test-method> <!-- Hoveronrewardslink -->
        <test-method is-config="true" signature="teardown()[pri:0, instance:com.qa.testcases.Homepagetest@76908cc0]" started-at="2020-08-24T20:58:41 IST" name="teardown" finished-at="2020-08-24T20:58:42 IST" duration-ms="629" status="PASS">
          <reporter-output>
          </reporter-output>
        </test-method> <!-- teardown -->
        <test-method is-config="true" signature="setup()[pri:0, instance:com.qa.testcases.Homepagetest@76908cc0]" started-at="2020-08-24T20:58:42 IST" name="setup" finished-at="2020-08-24T20:59:15 IST" duration-ms="33934" status="PASS">
          <reporter-output>
          </reporter-output>
        </test-method> <!-- setup -->
        <test-method signature="navigatetocoffeehomepage()[pri:6, instance:com.qa.testcases.Homepagetest@76908cc0]" started-at="2020-08-24T20:59:15 IST" name="navigatetocoffeehomepage" finished-at="2020-08-24T20:59:39 IST" duration-ms="23382" status="PASS">
          <reporter-output>
          </reporter-output>
        </test-method> <!-- navigatetocoffeehomepage -->
        <test-method is-config="true" signature="teardown()[pri:0, instance:com.qa.testcases.Homepagetest@76908cc0]" started-at="2020-08-24T20:59:39 IST" name="teardown" finished-at="2020-08-24T20:59:39 IST" duration-ms="620" status="PASS">
          <reporter-output>
          </reporter-output>
        </test-method> <!-- teardown -->
        <test-method is-config="true" signature="setup()[pri:0, instance:com.qa.testcases.Homepagetest@76908cc0]" started-at="2020-08-24T20:59:39 IST" name="setup" finished-at="2020-08-24T21:00:03 IST" duration-ms="23371" status="PASS">
          <reporter-output>
          </reporter-output>
        </test-method> <!-- setup -->
        <test-method signature="navigatetoteahomepage()[pri:7, instance:com.qa.testcases.Homepagetest@76908cc0]" started-at="2020-08-24T21:00:03 IST" name="navigatetoteahomepage" finished-at="2020-08-24T21:00:05 IST" duration-ms="2233" status="PASS">
          <reporter-output>
          </reporter-output>
        </test-method> <!-- navigatetoteahomepage -->
        <test-method is-config="true" signature="teardown()[pri:0, instance:com.qa.testcases.Homepagetest@76908cc0]" started-at="2020-08-24T21:00:05 IST" name="teardown" finished-at="2020-08-24T21:00:06 IST" duration-ms="653" status="PASS">
          <reporter-output>
          </reporter-output>
        </test-method> <!-- teardown -->
        <test-method is-config="true" signature="setup()[pri:0, instance:com.qa.testcases.Homepagetest@76908cc0]" started-at="2020-08-24T21:00:06 IST" name="setup" finished-at="2020-08-24T21:00:34 IST" duration-ms="28565" status="PASS">
          <reporter-output>
          </reporter-output>
        </test-method> <!-- setup -->
        <test-method signature="navigatetoequipmenthomepage()[pri:8, instance:com.qa.testcases.Homepagetest@76908cc0]" started-at="2020-08-24T21:00:34 IST" name="navigatetoequipmenthomepage" finished-at="2020-08-24T21:00:37 IST" duration-ms="2211" status="PASS">
          <reporter-output>
          </reporter-output>
        </test-method> <!-- navigatetoequipmenthomepage -->
        <test-method is-config="true" signature="teardown()[pri:0, instance:com.qa.testcases.Homepagetest@76908cc0]" started-at="2020-08-24T21:00:37 IST" name="teardown" finished-at="2020-08-24T21:00:37 IST" duration-ms="625" status="PASS">
          <reporter-output>
          </reporter-output>
        </test-method> <!-- teardown -->
        <test-method is-config="true" signature="setup()[pri:0, instance:com.qa.testcases.Homepagetest@76908cc0]" started-at="2020-08-24T21:00:37 IST" name="setup" finished-at="2020-08-24T21:00:57 IST" duration-ms="19833" status="PASS">
          <reporter-output>
          </reporter-output>
        </test-method> <!-- setup -->
        <test-method signature="navigatetorewardshomepage()[pri:9, instance:com.qa.testcases.Homepagetest@76908cc0]" started-at="2020-08-24T21:00:57 IST" name="navigatetorewardshomepage" finished-at="2020-08-24T21:01:00 IST" duration-ms="3461" status="PASS">
          <reporter-output>
          </reporter-output>
        </test-method> <!-- navigatetorewardshomepage -->
        <test-method is-config="true" signature="teardown()[pri:0, instance:com.qa.testcases.Homepagetest@76908cc0]" started-at="2020-08-24T21:01:00 IST" name="teardown" finished-at="2020-08-24T21:01:01 IST" duration-ms="660" status="PASS">
          <reporter-output>
          </reporter-output>
        </test-method> <!-- teardown -->
      </class> <!-- com.qa.testcases.Homepagetest -->
      <class name="com.qa.testcases.checckout_page_test">
        <test-method is-config="true" signature="setup()[pri:0, instance:com.qa.testcases.checckout_page_test@49b0b76]" started-at="2020-08-24T21:03:42 IST" name="setup" finished-at="2020-08-24T21:03:55 IST" duration-ms="13213" status="PASS">
          <reporter-output>
          </reporter-output>
        </test-method> <!-- setup -->
        <test-method signature="checkout_check()[pri:1, instance:com.qa.testcases.checckout_page_test@49b0b76]" started-at="2020-08-24T21:03:55 IST" name="checkout_check" finished-at="2020-08-24T21:04:23 IST" duration-ms="27370" status="FAIL">
          <exception class="org.openqa.selenium.TimeoutException">
            <message>
              <![CDATA[Expected condition failed: waiting for visibility of element located by By.xpath: //a[@title="Organic French Roast" and @tabindex="0"] (tried for 15 second(s) with 500 milliseconds interval)]]>
            </message>
            <full-stacktrace>
              <![CDATA[org.openqa.selenium.TimeoutException: Expected condition failed: waiting for visibility of element located by By.xpath: //a[@title="Organic French Roast" and @tabindex="0"] (tried for 15 second(s) with 500 milliseconds interval)
at org.openqa.selenium.support.ui.WebDriverWait.timeoutException(WebDriverWait.java:113)
at org.openqa.selenium.support.ui.FluentWait.until(FluentWait.java:283)
at com.crm.qa.pages.Checkout_page.checkout(Checkout_page.java:81)
at com.qa.testcases.checckout_page_test.checkout_check(checckout_page_test.java:29)
at java.base/jdk.internal.reflect.NativeMethodAccessorImpl.invoke0(Native Method)
at java.base/jdk.internal.reflect.NativeMethodAccessorImpl.invoke(NativeMethodAccessorImpl.java:62)
at java.base/jdk.internal.reflect.DelegatingMethodAccessorImpl.invoke(DelegatingMethodAccessorImpl.java:43)
at java.base/java.lang.reflect.Method.invoke(Method.java:564)
at org.testng.internal.MethodInvocationHelper.invokeMethod(MethodInvocationHelper.java:135)
at org.testng.internal.TestInvoker.invokeMethod(TestInvoker.java:598)
at org.testng.internal.TestInvoker.invokeTestMethod(TestInvoker.java:174)
at org.testng.internal.MethodRunner.runInSequence(MethodRunner.java:46)
at org.testng.internal.TestInvoker$MethodInvocationAgent.invoke(TestInvoker.java:821)
at org.testng.internal.TestInvoker.invokeTestMethods(TestInvoker.java:147)
at org.testng.internal.TestMethodWorker.invokeTestMethods(TestMethodWorker.java:146)
at org.testng.internal.TestMethodWorker.run(TestMethodWorker.java:128)
at java.base/java.util.ArrayList.forEach(ArrayList.java:1510)
at org.testng.TestRunner.privateRun(TestRunner.java:767)
at org.testng.TestRunner.run(TestRunner.java:588)
at org.testng.SuiteRunner.runTest(SuiteRunner.java:384)
at org.testng.SuiteRunner.runSequentially(SuiteRunner.java:378)
at org.testng.SuiteRunner.privateRun(SuiteRunner.java:337)
at org.testng.SuiteRunner.run(SuiteRunner.java:286)
at org.testng.SuiteRunnerWorker.runSuite(SuiteRunnerWorker.java:53)
at org.testng.SuiteRunnerWorker.run(SuiteRunnerWorker.java:96)
at org.testng.TestNG.runSuitesSequentially(TestNG.java:1214)
at org.testng.TestNG.runSuitesLocally(TestNG.java:1136)
at org.testng.TestNG.runSuites(TestNG.java:1066)
at org.testng.TestNG.run(TestNG.java:1034)
at org.testng.remote.AbstractRemoteTestNG.run(AbstractRemoteTestNG.java:115)
at org.testng.remote.RemoteTestNG.initAndRun(RemoteTestNG.java:251)
at org.testng.remote.RemoteTestNG.main(RemoteTestNG.java:77)
Caused by: org.openqa.selenium.NoSuchElementException: Cannot locate an element using By.xpath: //a[@title="Organic French Roast" and @tabindex="0"]
For documentation on this error, please visit: http://seleniumhq.org/exceptions/no_such_element.html
Build info: version: '3.14.0', revision: 'aacccce0', time: '2018-08-02T20:19:58.91Z'
System info: host: 'DESKTOP-QSM3Q2F', ip: '192.168.43.129', os.name: 'Windows 10', os.arch: 'amd64', os.version: '10.0', java.version: '14'
Driver info: driver.version: unknown
at org.openqa.selenium.support.ui.ExpectedConditions.lambda$findElement$0(ExpectedConditions.java:896)
at java.base/java.util.Optional.orElseThrow(Optional.java:401)
at org.openqa.selenium.support.ui.ExpectedConditions.findElement(ExpectedConditions.java:895)
at org.openqa.selenium.support.ui.ExpectedConditions.access$000(ExpectedConditions.java:44)
at org.openqa.selenium.support.ui.ExpectedConditions$7.apply(ExpectedConditions.java:206)
at org.openqa.selenium.support.ui.ExpectedConditions$7.apply(ExpectedConditions.java:202)
at org.openqa.selenium.support.ui.FluentWait.until(FluentWait.java:260)
... 30 more
]]>
            </full-stacktrace>
          </exception> <!-- org.openqa.selenium.TimeoutException -->
          <reporter-output>
          </reporter-output>
        </test-method> <!-- checkout_check -->
        <test-method is-config="true" signature="teardown()[pri:0, instance:com.qa.testcases.checckout_page_test@49b0b76]" started-at="2020-08-24T21:04:23 IST" name="teardown" finished-at="2020-08-24T21:04:24 IST" duration-ms="769" status="PASS">
          <reporter-output>
          </reporter-output>
        </test-method> <!-- teardown -->
      </class> <!-- com.qa.testcases.checckout_page_test -->
      <class name="com.qa.testcases.seachpagetest">
        <test-method is-config="true" signature="setup()[pri:0, instance:com.qa.testcases.seachpagetest@2473d930]" started-at="2020-08-24T21:01:01 IST" name="setup" finished-at="2020-08-24T21:01:15 IST" duration-ms="13529" status="PASS">
          <reporter-output>
          </reporter-output>
        </test-method> <!-- setup -->
        <test-method signature="searchandscroll()[pri:1, instance:com.qa.testcases.seachpagetest@2473d930]" started-at="2020-08-24T21:01:15 IST" name="searchandscroll" finished-at="2020-08-24T21:01:15 IST" duration-ms="303" status="PASS">
          <reporter-output>
          </reporter-output>
        </test-method> <!-- searchandscroll -->
        <test-method is-config="true" signature="teardown()[pri:0, instance:com.qa.testcases.seachpagetest@2473d930]" started-at="2020-08-24T21:01:15 IST" name="teardown" finished-at="2020-08-24T21:01:16 IST" duration-ms="803" status="PASS">
          <reporter-output>
          </reporter-output>
        </test-method> <!-- teardown -->
        <test-method is-config="true" signature="setup()[pri:0, instance:com.qa.testcases.seachpagetest@2473d930]" started-at="2020-08-24T21:01:16 IST" name="setup" finished-at="2020-08-24T21:01:29 IST" duration-ms="13260" status="PASS">
          <reporter-output>
          </reporter-output>
        </test-method> <!-- setup -->
        <test-method signature="clicksearch()[pri:2, instance:com.qa.testcases.seachpagetest@2473d930]" started-at="2020-08-24T21:01:29 IST" name="clicksearch" finished-at="2020-08-24T21:01:37 IST" duration-ms="7991" status="PASS">
          <reporter-output>
          </reporter-output>
        </test-method> <!-- clicksearch -->
        <test-method is-config="true" signature="teardown()[pri:0, instance:com.qa.testcases.seachpagetest@2473d930]" started-at="2020-08-24T21:01:37 IST" name="teardown" finished-at="2020-08-24T21:01:38 IST" duration-ms="681" status="PASS">
          <reporter-output>
          </reporter-output>
        </test-method> <!-- teardown -->
        <test-method is-config="true" signature="setup()[pri:0, instance:com.qa.testcases.seachpagetest@2473d930]" started-at="2020-08-24T21:01:38 IST" name="setup" finished-at="2020-08-24T21:01:52 IST" duration-ms="13996" status="PASS">
          <reporter-output>
          </reporter-output>
        </test-method> <!-- setup -->
        <test-method signature="searchtea()[pri:3, instance:com.qa.testcases.seachpagetest@2473d930]" started-at="2020-08-24T21:01:52 IST" name="searchtea" finished-at="2020-08-24T21:01:58 IST" duration-ms="6080" status="PASS">
          <reporter-output>
          </reporter-output>
        </test-method> <!-- searchtea -->
        <test-method is-config="true" signature="teardown()[pri:0, instance:com.qa.testcases.seachpagetest@2473d930]" started-at="2020-08-24T21:01:58 IST" name="teardown" finished-at="2020-08-24T21:01:58 IST" duration-ms="667" status="PASS">
          <reporter-output>
          </reporter-output>
        </test-method> <!-- teardown -->
      </class> <!-- com.qa.testcases.seachpagetest -->
      <class name="com.qa.testcases.LoginPageTest">
        <test-method is-config="true" signature="setup()[pri:0, instance:com.qa.testcases.LoginPageTest@659a969b]" started-at="2020-08-24T20:56:26 IST" name="setup" finished-at="2020-08-24T20:56:43 IST" duration-ms="17313" status="PASS">
          <reporter-output>
          </reporter-output>
        </test-method> <!-- setup -->
        <test-method signature="loginpagetitletest()[pri:1, instance:com.qa.testcases.LoginPageTest@659a969b]" started-at="2020-08-24T20:56:43 IST" name="loginpagetitletest" finished-at="2020-08-24T20:56:43 IST" duration-ms="14" status="PASS">
          <reporter-output>
          </reporter-output>
        </test-method> <!-- loginpagetitletest -->
        <test-method is-config="true" signature="teardown()[pri:0, instance:com.qa.testcases.LoginPageTest@659a969b]" started-at="2020-08-24T20:56:43 IST" name="teardown" finished-at="2020-08-24T20:56:44 IST" duration-ms="683" status="PASS">
          <reporter-output>
          </reporter-output>
        </test-method> <!-- teardown -->
        <test-method is-config="true" signature="setup()[pri:0, instance:com.qa.testcases.LoginPageTest@659a969b]" started-at="2020-08-24T20:56:44 IST" name="setup" finished-at="2020-08-24T20:56:58 IST" duration-ms="13742" status="PASS">
          <reporter-output>
          </reporter-output>
        </test-method> <!-- setup -->
        <test-method signature="crmlogotest()[pri:2, instance:com.qa.testcases.LoginPageTest@659a969b]" started-at="2020-08-24T20:56:58 IST" name="crmlogotest" finished-at="2020-08-24T20:56:58 IST" duration-ms="97" status="PASS">
          <reporter-output>
          </reporter-output>
        </test-method> <!-- crmlogotest -->
        <test-method is-config="true" signature="teardown()[pri:0, instance:com.qa.testcases.LoginPageTest@659a969b]" started-at="2020-08-24T20:56:58 IST" name="teardown" finished-at="2020-08-24T20:56:58 IST" duration-ms="659" status="PASS">
          <reporter-output>
          </reporter-output>
        </test-method> <!-- teardown -->
        <test-method is-config="true" signature="setup()[pri:0, instance:com.qa.testcases.LoginPageTest@659a969b]" started-at="2020-08-24T20:56:58 IST" name="setup" finished-at="2020-08-24T20:57:12 IST" duration-ms="13618" status="PASS">
          <reporter-output>
          </reporter-output>
        </test-method> <!-- setup -->
        <test-method signature="logintest()[pri:3, instance:com.qa.testcases.LoginPageTest@659a969b]" started-at="2020-08-24T20:57:12 IST" name="logintest" finished-at="2020-08-24T20:57:26 IST" duration-ms="14094" status="PASS">
          <reporter-output>
          </reporter-output>
        </test-method> <!-- logintest -->
        <test-method is-config="true" signature="teardown()[pri:0, instance:com.qa.testcases.LoginPageTest@659a969b]" started-at="2020-08-24T20:57:26 IST" name="teardown" finished-at="2020-08-24T20:57:27 IST" duration-ms="662" status="PASS">
          <reporter-output>
          </reporter-output>
        </test-method> <!-- teardown -->
      </class> <!-- com.qa.testcases.LoginPageTest -->
    </test> <!-- Peets Prod Automation -->
  </suite> <!-- Peets production test suite -->
</testng-results>
