<?xml version="1.0" encoding="UTF-8"?>
<!-- Generated by org.testng.reporters.JUnitXMLReporter -->
<testsuite ignored="0" hostname="DESKTOP-QSM3Q2F" failures="3" tests="52" name="Peets Prod Automation" time="1309.955" errors="0" timestamp="2020-08-25T15:37:30 IST">
  <testcase classname="com.qa.testcases.LoginPageTest" name="loginpagetitletest" time="0.014"/>
  <testcase classname="com.qa.testcases.LoginPageTest" name="crmlogotest" time="0.047"/>
  <testcase classname="com.qa.testcases.LoginPageTest" name="logintest" time="16.991"/>
  <testcase classname="com.qa.testcases.Homepagetest" name="Hoveronsubscriptionsheaderlink" time="0.037"/>
  <testcase classname="com.qa.testcases.Homepagetest" name="Hoveronsubscriptionsheaderlinkclick" time="0.164"/>
  <testcase classname="com.qa.testcases.Homepagetest" name="Hoveronlocationsheaderlink" time="0.132"/>
  <testcase classname="com.qa.testcases.Homepagetest" name="Hoveronmenuheaderlink" time="0.135"/>
  <testcase classname="com.qa.testcases.Homepagetest" name="Hoveronrewardslink" time="0.131"/>
  <testcase classname="com.qa.testcases.Homepagetest" name="navigatetocoffeehomepage" time="4.898"/>
  <testcase classname="com.qa.testcases.Homepagetest" name="navigatetoteahomepage" time="3.095"/>
  <testcase classname="com.qa.testcases.Homepagetest" name="navigatetoequipmenthomepage" time="4.703"/>
  <testcase classname="com.qa.testcases.Homepagetest" name="navigatetorewardshomepage" time="6.703"/>
  <testcase classname="com.qa.testcases.seachpagetest" name="searchandscroll" time="0.181"/>
  <testcase classname="com.qa.testcases.seachpagetest" name="clicksearch" time="12.784"/>
  <testcase classname="com.qa.testcases.seachpagetest" name="searchtea" time="11.932"/>
  <testcase classname="com.qa.testcases.Sign_up_page_test" name="addcontactpresent" time="16.003">
    <failure type="org.openqa.selenium.NoSuchElementException" message="no such element: Unable to locate element: {&amp;quot;method&amp;quot;:&amp;quot;xpath&amp;quot;,&amp;quot;selector&amp;quot;:&amp;quot;//span[text()=&amp;apos;Create An Account&amp;apos;]&amp;quot;}
  (Session info: chrome=84.0.4147.135)
For documentation on this error, please visit: http://seleniumhq.org/exceptions/no_such_element.html
Build info: version: &amp;apos;3.14.0&amp;apos;, revision: &amp;apos;aacccce0&amp;apos;, time: &amp;apos;2018-08-02T20:19:58.91Z&amp;apos;
System info: host: &amp;apos;DESKTOP-QSM3Q2F&amp;apos;, ip: &amp;apos;192.168.43.129&amp;apos;, os.name: &amp;apos;Windows 10&amp;apos;, os.arch: &amp;apos;amd64&amp;apos;, os.version: &amp;apos;10.0&amp;apos;, java.version: &amp;apos;14&amp;apos;
Driver info: org.openqa.selenium.chrome.ChromeDriver
Capabilities {acceptInsecureCerts: false, browserName: chrome, browserVersion: 84.0.4147.135, chrome: {chromedriverVersion: 83.0.4103.39 (ccbf011cb2d2b..., userDataDir: C:\Users\THIMME~1\AppData\L...}, goog:chromeOptions: {debuggerAddress: localhost:56278}, javascriptEnabled: true, networkConnectionEnabled: false, pageLoadStrategy: normal, platform: WINDOWS, platformName: WINDOWS, proxy: Proxy(), setWindowRect: true, strictFileInteractability: false, timeouts: {implicit: 0, pageLoad: 300000, script: 30000}, unhandledPromptBehavior: dismiss and notify, webauthn:virtualAuthenticators: true}
Session ID: 2c8d78012fcc7c391ff931f2ac27dadb
*** Element info: {Using=xpath, value=//span[text()=&amp;apos;Create An Account&amp;apos;]}">
      <![CDATA[org.openqa.selenium.NoSuchElementException: no such element: Unable to locate element: {"method":"xpath","selector":"//span[text()='Create An Account']"}
  (Session info: chrome=84.0.4147.135)
For documentation on this error, please visit: http://seleniumhq.org/exceptions/no_such_element.html
Build info: version: '3.14.0', revision: 'aacccce0', time: '2018-08-02T20:19:58.91Z'
System info: host: 'DESKTOP-QSM3Q2F', ip: '192.168.43.129', os.name: 'Windows 10', os.arch: 'amd64', os.version: '10.0', java.version: '14'
Driver info: org.openqa.selenium.chrome.ChromeDriver
Capabilities {acceptInsecureCerts: false, browserName: chrome, browserVersion: 84.0.4147.135, chrome: {chromedriverVersion: 83.0.4103.39 (ccbf011cb2d2b..., userDataDir: C:\Users\THIMME~1\AppData\L...}, goog:chromeOptions: {debuggerAddress: localhost:56278}, javascriptEnabled: true, networkConnectionEnabled: false, pageLoadStrategy: normal, platform: WINDOWS, platformName: WINDOWS, proxy: Proxy(), setWindowRect: true, strictFileInteractability: false, timeouts: {implicit: 0, pageLoad: 300000, script: 30000}, unhandledPromptBehavior: dismiss and notify, webauthn:virtualAuthenticators: true}
Session ID: 2c8d78012fcc7c391ff931f2ac27dadb
*** Element info: {Using=xpath, value=//span[text()='Create An Account']}
at org.openqa.selenium.remote.http.W3CHttpResponseCodec.createException(W3CHttpResponseCodec.java:187)
at org.openqa.selenium.remote.http.W3CHttpResponseCodec.decode(W3CHttpResponseCodec.java:122)
at org.openqa.selenium.remote.http.W3CHttpResponseCodec.decode(W3CHttpResponseCodec.java:49)
at org.openqa.selenium.remote.HttpCommandExecutor.execute(HttpCommandExecutor.java:158)
at org.openqa.selenium.remote.service.DriverCommandExecutor.execute(DriverCommandExecutor.java:83)
at org.openqa.selenium.remote.RemoteWebDriver.execute(RemoteWebDriver.java:548)
at org.openqa.selenium.remote.RemoteWebDriver.findElement(RemoteWebDriver.java:322)
at org.openqa.selenium.remote.RemoteWebDriver.findElementByXPath(RemoteWebDriver.java:424)
at org.openqa.selenium.By$ByXPath.findElement(By.java:353)
at org.openqa.selenium.remote.RemoteWebDriver.findElement(RemoteWebDriver.java:314)
at org.openqa.selenium.support.events.EventFiringWebDriver.lambda$new$1(EventFiringWebDriver.java:105)
at com.sun.proxy.$Proxy11.findElement(Unknown Source)
at org.openqa.selenium.support.events.EventFiringWebDriver.findElement(EventFiringWebDriver.java:194)
at org.openqa.selenium.support.pagefactory.DefaultElementLocator.findElement(DefaultElementLocator.java:69)
at org.openqa.selenium.support.pagefactory.internal.LocatingElementHandler.invoke(LocatingElementHandler.java:38)
at com.sun.proxy.$Proxy16.isDisplayed(Unknown Source)
at com.crm.qa.pages.Sign_up_page.checkcreatecontactdisplayed(Sign_up_page.java:50)
at com.qa.testcases.Sign_up_page_test.addcontactpresent(Sign_up_page_test.java:29)
at java.base/java.util.ArrayList.forEach(ArrayList.java:1510)
... Removed 35 stack frames]]>
    </failure>
  </testcase> <!-- addcontactpresent -->
  <testcase classname="com.qa.testcases.Sign_up_page_test" name="addcntact" time="25.553"/>
  <testcase classname="com.qa.testcases.Sign_up_page_test" name="addcntact" time="25.072"/>
  <testcase classname="com.qa.testcases.Coffeepagetest" name="searchcoffeitem" time="0.24"/>
  <testcase classname="com.qa.testcases.Coffeepagetest" name="coffeePDPpage" time="8.53"/>
  <testcase classname="com.qa.testcases.Coffeepagetest" name="incresedecrease" time="24.453">
    <failure type="org.openqa.selenium.TimeoutException" message="Expected condition failed: waiting for visibility of element located by By.xpath: //a[@title=&amp;quot;Organic French Roast&amp;quot; and @tabindex=&amp;quot;0&amp;quot;] (tried for 15 second(s) with 500 milliseconds interval)">
      <![CDATA[org.openqa.selenium.TimeoutException: Expected condition failed: waiting for visibility of element located by By.xpath: //a[@title="Organic French Roast" and @tabindex="0"] (tried for 15 second(s) with 500 milliseconds interval)
at org.openqa.selenium.support.ui.WebDriverWait.timeoutException(WebDriverWait.java:113)
at org.openqa.selenium.support.ui.FluentWait.until(FluentWait.java:283)
at com.crm.qa.pages.Coffeepage.openPDPpage(Coffeepage.java:73)
at com.qa.testcases.Coffeepagetest.incresedecrease(Coffeepagetest.java:52)
at java.base/java.util.ArrayList.forEach(ArrayList.java:1510)
Caused by: org.openqa.selenium.NoSuchElementException: Cannot locate an element using By.xpath: //a[@title="Organic French Roast" and @tabindex="0"]
For documentation on this error, please visit: http://seleniumhq.org/exceptions/no_such_element.html
Build info: version: '3.14.0', revision: 'aacccce0', time: '2018-08-02T20:19:58.91Z'
System info: host: 'DESKTOP-QSM3Q2F', ip: '192.168.43.129', os.name: 'Windows 10', os.arch: 'amd64', os.version: '10.0', java.version: '14'
Driver info: driver.version: unknown
at org.openqa.selenium.support.ui.ExpectedConditions.lambda$findElement$0(ExpectedConditions.java:896)
at java.base/java.util.Optional.orElseThrow(Optional.java:401)
at org.openqa.selenium.support.ui.ExpectedConditions.findElement(ExpectedConditions.java:895)
at org.openqa.selenium.support.ui.ExpectedConditions.access$000(ExpectedConditions.java:44)
at org.openqa.selenium.support.ui.ExpectedConditions$7.apply(ExpectedConditions.java:206)
at org.openqa.selenium.support.ui.ExpectedConditions$7.apply(ExpectedConditions.java:202)
at org.openqa.selenium.support.ui.FluentWait.until(FluentWait.java:260)
... 30 more
... Removed 27 stack frames]]>
    </failure>
  </testcase> <!-- incresedecrease -->
  <testcase classname="com.qa.testcases.Coffeepagetest" name="coffeeitemtocart" time="21.24"/>
  <testcase classname="com.qa.testcases.Coffeepagetest" name="verifyremovecart" time="17.848"/>
  <testcase classname="com.qa.testcases.Teapgaetest" name="checkpdppage" time="3.138"/>
  <testcase classname="com.qa.testcases.Teapgaetest" name="verifyincreaseanddescreaseqty" time="12.495"/>
  <testcase classname="com.qa.testcases.Teapgaetest" name="verifyteaitemaddtocart" time="13.244"/>
  <testcase classname="com.qa.testcases.Teapgaetest" name="verifyremovecart" time="22.179"/>
  <testcase classname="com.qa.testcases.Teapgaetest" name="verifycheckout" time="21.759"/>
  <testcase classname="com.qa.testcases.Teapgaetest" name="verifyguestcheckout" time="40.33"/>
  <testcase classname="com.qa.testcases.Teapgaetest" name="verifypagmentpage" time="48.806">
    <failure type="org.openqa.selenium.ElementClickInterceptedException" message="element click intercepted: Element &amp;lt;input type=&amp;quot;checkbox&amp;quot; id=&amp;quot;billing:same_as_shipping&amp;quot; value=&amp;quot;1&amp;quot; class=&amp;quot;checkbox&amp;quot; onchange=&amp;quot;syncBillingWithShipping(this.checked, &amp;apos;&amp;apos;);&amp;quot;&amp;gt; is not clickable at point (143, 606). Other element would receive the click: &amp;lt;label for=&amp;quot;billing:same_as_shipping&amp;quot;&amp;gt;...&amp;lt;/label&amp;gt;
  (Session info: chrome=84.0.4147.135)
Build info: version: &amp;apos;3.14.0&amp;apos;, revision: &amp;apos;aacccce0&amp;apos;, time: &amp;apos;2018-08-02T20:19:58.91Z&amp;apos;
System info: host: &amp;apos;DESKTOP-QSM3Q2F&amp;apos;, ip: &amp;apos;192.168.43.129&amp;apos;, os.name: &amp;apos;Windows 10&amp;apos;, os.arch: &amp;apos;amd64&amp;apos;, os.version: &amp;apos;10.0&amp;apos;, java.version: &amp;apos;14&amp;apos;
Driver info: org.openqa.selenium.chrome.ChromeDriver
Capabilities {acceptInsecureCerts: false, browserName: chrome, browserVersion: 84.0.4147.135, chrome: {chromedriverVersion: 83.0.4103.39 (ccbf011cb2d2b..., userDataDir: C:\Users\THIMME~1\AppData\L...}, goog:chromeOptions: {debuggerAddress: localhost:58379}, javascriptEnabled: true, networkConnectionEnabled: false, pageLoadStrategy: normal, platform: WINDOWS, platformName: WINDOWS, proxy: Proxy(), setWindowRect: true, strictFileInteractability: false, timeouts: {implicit: 0, pageLoad: 300000, script: 30000}, unhandledPromptBehavior: dismiss and notify, webauthn:virtualAuthenticators: true}
Session ID: 700996cac36961a6970972e4d09ee69f">
      <![CDATA[org.openqa.selenium.ElementClickInterceptedException: element click intercepted: Element <input type="checkbox" id="billing:same_as_shipping" value="1" class="checkbox" onchange="syncBillingWithShipping(this.checked, '');"> is not clickable at point (143, 606). Other element would receive the click: <label for="billing:same_as_shipping">...</label>
  (Session info: chrome=84.0.4147.135)
Build info: version: '3.14.0', revision: 'aacccce0', time: '2018-08-02T20:19:58.91Z'
System info: host: 'DESKTOP-QSM3Q2F', ip: '192.168.43.129', os.name: 'Windows 10', os.arch: 'amd64', os.version: '10.0', java.version: '14'
Driver info: org.openqa.selenium.chrome.ChromeDriver
Capabilities {acceptInsecureCerts: false, browserName: chrome, browserVersion: 84.0.4147.135, chrome: {chromedriverVersion: 83.0.4103.39 (ccbf011cb2d2b..., userDataDir: C:\Users\THIMME~1\AppData\L...}, goog:chromeOptions: {debuggerAddress: localhost:58379}, javascriptEnabled: true, networkConnectionEnabled: false, pageLoadStrategy: normal, platform: WINDOWS, platformName: WINDOWS, proxy: Proxy(), setWindowRect: true, strictFileInteractability: false, timeouts: {implicit: 0, pageLoad: 300000, script: 30000}, unhandledPromptBehavior: dismiss and notify, webauthn:virtualAuthenticators: true}
Session ID: 700996cac36961a6970972e4d09ee69f
at org.openqa.selenium.remote.http.W3CHttpResponseCodec.createException(W3CHttpResponseCodec.java:187)
at org.openqa.selenium.remote.http.W3CHttpResponseCodec.decode(W3CHttpResponseCodec.java:122)
at org.openqa.selenium.remote.http.W3CHttpResponseCodec.decode(W3CHttpResponseCodec.java:49)
at org.openqa.selenium.remote.HttpCommandExecutor.execute(HttpCommandExecutor.java:158)
at org.openqa.selenium.remote.service.DriverCommandExecutor.execute(DriverCommandExecutor.java:83)
at org.openqa.selenium.remote.RemoteWebDriver.execute(RemoteWebDriver.java:548)
at org.openqa.selenium.remote.RemoteWebElement.execute(RemoteWebElement.java:276)
at org.openqa.selenium.remote.RemoteWebElement.click(RemoteWebElement.java:83)
at org.openqa.selenium.support.events.EventFiringWebDriver$EventFiringWebElement.lambda$new$0(EventFiringWebDriver.java:403)
at com.sun.proxy.$Proxy12.click(Unknown Source)
at org.openqa.selenium.support.events.EventFiringWebDriver$EventFiringWebElement.click(EventFiringWebDriver.java:416)
at com.crm.qa.pages.Teahomepage.paymentpagedetails(Teahomepage.java:255)
at com.qa.testcases.Teapgaetest.verifypagmentpage(Teapgaetest.java:69)
at java.base/java.util.ArrayList.forEach(ArrayList.java:1510)
... Removed 35 stack frames]]>
    </failure>
  </testcase> <!-- verifypagmentpage -->
  <testcase classname="com.qa.testcases.checckout_page_test" name="checkout_check" time="60.304"/>
  <testcase classname="com.qa.testcases.Footer_page_test" name="Help_Centerfooterlnkcheck" time="0.036"/>
  <testcase classname="com.qa.testcases.Footer_page_test" name="verify_my_account_link" time="0.035"/>
  <testcase classname="com.qa.testcases.Footer_page_test" name="verify_Peets_Cards" time="0.038"/>
  <testcase classname="com.qa.testcases.Footer_page_test" name="verify_Peetnik_cardslnk" time="0.032"/>
  <testcase classname="com.qa.testcases.Footer_page_test" name="verify_Shipping_Returnslink" time="0.029"/>
  <testcase classname="com.qa.testcases.Footer_page_test" name="verify_Current_Offerslink" time="0.029"/>
  <testcase classname="com.qa.testcases.Footer_page_test" name="verifyGrocery_Storeslink" time="0.054"/>
  <testcase classname="com.qa.testcases.Footer_page_test" name="verifyCodeofEthicslnkcheck" time="0.03"/>
  <testcase classname="com.qa.testcases.Footer_page_test" name="verifyResponsibleSourcinglnkcheck" time="0.036"/>
  <testcase classname="com.qa.testcases.Footer_page_test" name="verifySubmitASitelnkcheck" time="0.037"/>
  <testcase classname="com.qa.testcases.Footer_page_test" name="verifyAffiliateProgramlnkcheck" time="0.032"/>
  <testcase classname="com.qa.testcases.Footer_page_test" name="verifySupplyChainTransparencylnk" time="0.03"/>
  <testcase classname="com.qa.testcases.Footer_page_test" name="verifyLicensedPartners" time="0.032"/>
  <testcase classname="com.qa.testcases.Footer_page_test" name="verifyProudlyPouringlnkcheck" time="0.035"/>
  <testcase classname="com.qa.testcases.Footer_page_test" name="verifyOfficeCoffeelink" time="0.029"/>
  <testcase classname="com.qa.testcases.Footer_page_test" name="HverifyMightyLeafTealnk" time="0.028"/>
  <testcase classname="com.qa.testcases.Footer_page_test" name="verifyJoinPeetslink" time="0.034"/>
  <testcase classname="com.qa.testcases.Footer_page_test" name="verifySocialResponsibilitylink" time="0.029"/>
  <testcase classname="com.qa.testcases.Footer_page_test" name="verifyOurpeoplelink" time="0.039"/>
  <testcase classname="com.qa.testcases.Footer_page_test" name="verifyNewsroom" time="0.03"/>
  <testcase classname="com.qa.testcases.Footer_page_test" name="verifyreferafriendlink" time="0.031"/>
</testsuite> <!-- Peets Prod Automation -->
