<html>
<head>
<title>TestNG:  Peets Prod Automation</title>
<link href="../testng.css" rel="stylesheet" type="text/css" />
<link href="../my-testng.css" rel="stylesheet" type="text/css" />

<style type="text/css">
.log { display: none;} 
.stack-trace { display: none;} 
</style>
<script type="text/javascript">
<!--
function flip(e) {
  current = e.style.display;
  if (current == 'block') {
    e.style.display = 'none';
    return 0;
  }
  else {
    e.style.display = 'block';
    return 1;
  }
}

function toggleBox(szDivId, elem, msg1, msg2)
{
  var res = -1;  if (document.getElementById) {
    res = flip(document.getElementById(szDivId));
  }
  else if (document.all) {
    // this is the way old msie versions work
    res = flip(document.all[szDivId]);
  }
  if(elem) {
    if(res == 0) elem.innerHTML = msg1; else elem.innerHTML = msg2;
  }

}

function toggleAllBoxes() {
  if (document.getElementsByTagName) {
    d = document.getElementsByTagName('div');
    for (i = 0; i < d.length; i++) {
      if (d[i].className == 'log') {
        flip(d[i]);
      }
    }
  }
}

// -->
</script>

</head>
<body>
<h2 align='center'>Peets Prod Automation</h2><table border='1' align="center">
<tr>
<td>Tests passed/Failed/Skipped:</td><td>38/2/0</td>
</tr><tr>
<td>Started on:</td><td>Mon Aug 24 20:56:26 IST 2020</td>
</tr>
<tr><td>Total time:</td><td>806 seconds (806656 ms)</td>
</tr><tr>
<td>Included groups:</td><td></td>
</tr><tr>
<td>Excluded groups:</td><td></td>
</tr>
</table><p/>
<small><i>(Hover the method name to see the test class name)</i></small><p/>
<table width='100%' border='1' class='invocation-failed'>
<tr><td colspan='4' align='center'><b>FAILED TESTS</b></td></tr>
<tr><td><b>Test method</b></td>
<td width="30%"><b>Exception</b></td>
<td width="10%"><b>Time (seconds)</b></td>
<td><b>Instance</b></td>
</tr>
<tr>
<td title='com.qa.testcases.Sign_up_page_test.addcontactpresent()'><b>addcontactpresent</b><br>Test class: com.qa.testcases.Sign_up_page_test</td>
<td><div><pre>org.openqa.selenium.NoSuchElementException: no such element: Unable to locate element: {&quot;method&quot;:&quot;xpath&quot;,&quot;selector&quot;:&quot;//span[text()=&apos;Create An Account&apos;]&quot;}
  (Session info: chrome=84.0.4147.135)
For documentation on this error, please visit: http://seleniumhq.org/exceptions/no_such_element.html
Build info: version: &apos;3.14.0&apos;, revision: &apos;aacccce0&apos;, time: &apos;2018-08-02T20:19:58.91Z&apos;
System info: host: &apos;DESKTOP-QSM3Q2F&apos;, ip: &apos;192.168.43.129&apos;, os.name: &apos;Windows 10&apos;, os.arch: &apos;amd64&apos;, os.version: &apos;10.0&apos;, java.version: &apos;14&apos;
Driver info: org.openqa.selenium.chrome.ChromeDriver
Capabilities {acceptInsecureCerts: false, browserName: chrome, browserVersion: 84.0.4147.135, chrome: {chromedriverVersion: 83.0.4103.39 (ccbf011cb2d2b..., userDataDir: C:\Users\THIMME~1\AppData\L...}, goog:chromeOptions: {debuggerAddress: localhost:52488}, javascriptEnabled: true, networkConnectionEnabled: false, pageLoadStrategy: normal, platform: WINDOWS, platformName: WINDOWS, proxy: Proxy(), setWindowRect: true, strictFileInteractability: false, timeouts: {implicit: 0, pageLoad: 300000, script: 30000}, unhandledPromptBehavior: dismiss and notify, webauthn:virtualAuthenticators: true}
Session ID: 1fbaa518b23eeef1a4011eb85ec20f8d
*** Element info: {Using=xpath, value=//span[text()=&apos;Create An Account&apos;]}
	at org.openqa.selenium.remote.http.W3CHttpResponseCodec.createException(W3CHttpResponseCodec.java:187)
	at org.openqa.selenium.remote.http.W3CHttpResponseCodec.decode(W3CHttpResponseCodec.java:122)
	at org.openqa.selenium.remote.http.W3CHttpResponseCodec.decode(W3CHttpResponseCodec.java:49)
	at org.openqa.selenium.remote.HttpCommandExecutor.execute(HttpCommandExecutor.java:158)
	at org.openqa.selenium.remote.service.DriverCommandExecutor.execute(DriverCommandExecutor.java:83)
	at org.openqa.selenium.remote.RemoteWebDriver.execute(RemoteWebDriver.java:548)
	at org.openqa.selenium.remote.RemoteWebDriver.findElement(RemoteWebDriver.java:322)
	at org.openqa.selenium.remote.RemoteWebDriver.findElementByXPath(RemoteWebDriver.java:424)
	at org.openqa.selenium.By$ByXPath.findElement(By.java:353)
	at org.openqa.selenium.remote.RemoteWebDriver.findElement(RemoteWebDriver.java:314)
	at org.openqa.selenium.support.events.EventFiringWebDriver.lambda$new$1(EventFiringWebDriver.java:105)
	at com.sun.proxy.$Proxy11.findElement(Unknown Source)
	at org.openqa.selenium.support.events.EventFiringWebDriver.findElement(EventFiringWebDriver.java:194)
	at org.openqa.selenium.support.pagefactory.DefaultElementLocator.findElement(DefaultElementLocator.java:69)
	at org.openqa.selenium.support.pagefactory.internal.LocatingElementHandler.invoke(LocatingElementHandler.java:38)
	at com.sun.proxy.$Proxy16.isDisplayed(Unknown Source)
	at com.crm.qa.pages.Sign_up_page.checkcreatecontactdisplayed(Sign_up_page.java:50)
	at com.qa.testcases.Sign_up_page_test.addcontactpresent(Sign_up_page_test.java:29)
	at java.base/java.util.ArrayList.forEach(ArrayList.java:1510)
... Removed 35 stack frames</pre></div><a href='#' onClick='toggleBox("stack-trace1998103567", this, "Click to show all stack frames", "Click to hide stack frames")'>Click to show all stack frames</a>
<div class='stack-trace' id='stack-trace1998103567'><pre>org.openqa.selenium.NoSuchElementException: no such element: Unable to locate element: {&quot;method&quot;:&quot;xpath&quot;,&quot;selector&quot;:&quot;//span[text()=&apos;Create An Account&apos;]&quot;}
  (Session info: chrome=84.0.4147.135)
For documentation on this error, please visit: http://seleniumhq.org/exceptions/no_such_element.html
Build info: version: &apos;3.14.0&apos;, revision: &apos;aacccce0&apos;, time: &apos;2018-08-02T20:19:58.91Z&apos;
System info: host: &apos;DESKTOP-QSM3Q2F&apos;, ip: &apos;192.168.43.129&apos;, os.name: &apos;Windows 10&apos;, os.arch: &apos;amd64&apos;, os.version: &apos;10.0&apos;, java.version: &apos;14&apos;
Driver info: org.openqa.selenium.chrome.ChromeDriver
Capabilities {acceptInsecureCerts: false, browserName: chrome, browserVersion: 84.0.4147.135, chrome: {chromedriverVersion: 83.0.4103.39 (ccbf011cb2d2b..., userDataDir: C:\Users\THIMME~1\AppData\L...}, goog:chromeOptions: {debuggerAddress: localhost:52488}, javascriptEnabled: true, networkConnectionEnabled: false, pageLoadStrategy: normal, platform: WINDOWS, platformName: WINDOWS, proxy: Proxy(), setWindowRect: true, strictFileInteractability: false, timeouts: {implicit: 0, pageLoad: 300000, script: 30000}, unhandledPromptBehavior: dismiss and notify, webauthn:virtualAuthenticators: true}
Session ID: 1fbaa518b23eeef1a4011eb85ec20f8d
*** Element info: {Using=xpath, value=//span[text()=&apos;Create An Account&apos;]}
	at java.base/jdk.internal.reflect.NativeConstructorAccessorImpl.newInstance0(Native Method)
	at java.base/jdk.internal.reflect.NativeConstructorAccessorImpl.newInstance(NativeConstructorAccessorImpl.java:62)
	at java.base/jdk.internal.reflect.DelegatingConstructorAccessorImpl.newInstance(DelegatingConstructorAccessorImpl.java:45)
	at java.base/java.lang.reflect.Constructor.newInstanceWithCaller(Constructor.java:500)
	at java.base/java.lang.reflect.Constructor.newInstance(Constructor.java:481)
	at org.openqa.selenium.remote.http.W3CHttpResponseCodec.createException(W3CHttpResponseCodec.java:187)
	at org.openqa.selenium.remote.http.W3CHttpResponseCodec.decode(W3CHttpResponseCodec.java:122)
	at org.openqa.selenium.remote.http.W3CHttpResponseCodec.decode(W3CHttpResponseCodec.java:49)
	at org.openqa.selenium.remote.HttpCommandExecutor.execute(HttpCommandExecutor.java:158)
	at org.openqa.selenium.remote.service.DriverCommandExecutor.execute(DriverCommandExecutor.java:83)
	at org.openqa.selenium.remote.RemoteWebDriver.execute(RemoteWebDriver.java:548)
	at org.openqa.selenium.remote.RemoteWebDriver.findElement(RemoteWebDriver.java:322)
	at org.openqa.selenium.remote.RemoteWebDriver.findElementByXPath(RemoteWebDriver.java:424)
	at org.openqa.selenium.By$ByXPath.findElement(By.java:353)
	at org.openqa.selenium.remote.RemoteWebDriver.findElement(RemoteWebDriver.java:314)
	at jdk.internal.reflect.GeneratedMethodAccessor4.invoke(Unknown Source)
	at java.base/jdk.internal.reflect.DelegatingMethodAccessorImpl.invoke(DelegatingMethodAccessorImpl.java:43)
	at java.base/java.lang.reflect.Method.invoke(Method.java:564)
	at org.openqa.selenium.support.events.EventFiringWebDriver.lambda$new$1(EventFiringWebDriver.java:105)
	at com.sun.proxy.$Proxy11.findElement(Unknown Source)
	at org.openqa.selenium.support.events.EventFiringWebDriver.findElement(EventFiringWebDriver.java:194)
	at org.openqa.selenium.support.pagefactory.DefaultElementLocator.findElement(DefaultElementLocator.java:69)
	at org.openqa.selenium.support.pagefactory.internal.LocatingElementHandler.invoke(LocatingElementHandler.java:38)
	at com.sun.proxy.$Proxy16.isDisplayed(Unknown Source)
	at com.crm.qa.pages.Sign_up_page.checkcreatecontactdisplayed(Sign_up_page.java:50)
	at com.qa.testcases.Sign_up_page_test.addcontactpresent(Sign_up_page_test.java:29)
	at java.base/jdk.internal.reflect.NativeMethodAccessorImpl.invoke0(Native Method)
	at java.base/jdk.internal.reflect.NativeMethodAccessorImpl.invoke(NativeMethodAccessorImpl.java:62)
	at java.base/jdk.internal.reflect.DelegatingMethodAccessorImpl.invoke(DelegatingMethodAccessorImpl.java:43)
	at java.base/java.lang.reflect.Method.invoke(Method.java:564)
	at org.testng.internal.MethodInvocationHelper.invokeMethod(MethodInvocationHelper.java:135)
	at org.testng.internal.TestInvoker.invokeMethod(TestInvoker.java:598)
	at org.testng.internal.TestInvoker.invokeTestMethod(TestInvoker.java:174)
	at org.testng.internal.MethodRunner.runInSequence(MethodRunner.java:46)
	at org.testng.internal.TestInvoker$MethodInvocationAgent.invoke(TestInvoker.java:821)
	at org.testng.internal.TestInvoker.invokeTestMethods(TestInvoker.java:147)
	at org.testng.internal.TestMethodWorker.invokeTestMethods(TestMethodWorker.java:146)
	at org.testng.internal.TestMethodWorker.run(TestMethodWorker.java:128)
	at java.base/java.util.ArrayList.forEach(ArrayList.java:1510)
	at org.testng.TestRunner.privateRun(TestRunner.java:767)
	at org.testng.TestRunner.run(TestRunner.java:588)
	at org.testng.SuiteRunner.runTest(SuiteRunner.java:384)
	at org.testng.SuiteRunner.runSequentially(SuiteRunner.java:378)
	at org.testng.SuiteRunner.privateRun(SuiteRunner.java:337)
	at org.testng.SuiteRunner.run(SuiteRunner.java:286)
	at org.testng.SuiteRunnerWorker.runSuite(SuiteRunnerWorker.java:53)
	at org.testng.SuiteRunnerWorker.run(SuiteRunnerWorker.java:96)
	at org.testng.TestNG.runSuitesSequentially(TestNG.java:1214)
	at org.testng.TestNG.runSuitesLocally(TestNG.java:1136)
	at org.testng.TestNG.runSuites(TestNG.java:1066)
	at org.testng.TestNG.run(TestNG.java:1034)
	at org.testng.remote.AbstractRemoteTestNG.run(AbstractRemoteTestNG.java:115)
	at org.testng.remote.RemoteTestNG.initAndRun(RemoteTestNG.java:251)
	at org.testng.remote.RemoteTestNG.main(RemoteTestNG.java:77)
</pre></div></td>
<td>14</td>
<td>com.qa.testcases.Sign_up_page_test@35047d03</td></tr>
<tr>
<td title='com.qa.testcases.checckout_page_test.checkout_check()'><b>checkout_check</b><br>Test class: com.qa.testcases.checckout_page_test</td>
<td><div><pre>org.openqa.selenium.TimeoutException: Expected condition failed: waiting for visibility of element located by By.xpath: //a[@title=&quot;Organic French Roast&quot; and @tabindex=&quot;0&quot;] (tried for 15 second(s) with 500 milliseconds interval)
	at org.openqa.selenium.support.ui.WebDriverWait.timeoutException(WebDriverWait.java:113)
	at org.openqa.selenium.support.ui.FluentWait.until(FluentWait.java:283)
	at com.crm.qa.pages.Checkout_page.checkout(Checkout_page.java:81)
	at com.qa.testcases.checckout_page_test.checkout_check(checckout_page_test.java:29)
	at java.base/java.util.ArrayList.forEach(ArrayList.java:1510)
Caused by: org.openqa.selenium.NoSuchElementException: Cannot locate an element using By.xpath: //a[@title=&quot;Organic French Roast&quot; and @tabindex=&quot;0&quot;]
For documentation on this error, please visit: http://seleniumhq.org/exceptions/no_such_element.html
Build info: version: &apos;3.14.0&apos;, revision: &apos;aacccce0&apos;, time: &apos;2018-08-02T20:19:58.91Z&apos;
System info: host: &apos;DESKTOP-QSM3Q2F&apos;, ip: &apos;192.168.43.129&apos;, os.name: &apos;Windows 10&apos;, os.arch: &apos;amd64&apos;, os.version: &apos;10.0&apos;, java.version: &apos;14&apos;
Driver info: driver.version: unknown
	at org.openqa.selenium.support.ui.ExpectedConditions.lambda$findElement$0(ExpectedConditions.java:896)
	at java.base/java.util.Optional.orElseThrow(Optional.java:401)
	at org.openqa.selenium.support.ui.ExpectedConditions.findElement(ExpectedConditions.java:895)
	at org.openqa.selenium.support.ui.ExpectedConditions.access$000(ExpectedConditions.java:44)
	at org.openqa.selenium.support.ui.ExpectedConditions$7.apply(ExpectedConditions.java:206)
	at org.openqa.selenium.support.ui.ExpectedConditions$7.apply(ExpectedConditions.java:202)
	at org.openqa.selenium.support.ui.FluentWait.until(FluentWait.java:260)
	... 30 more
... Removed 27 stack frames</pre></div><a href='#' onClick='toggleBox("stack-trace1933329999", this, "Click to show all stack frames", "Click to hide stack frames")'>Click to show all stack frames</a>
<div class='stack-trace' id='stack-trace1933329999'><pre>org.openqa.selenium.TimeoutException: Expected condition failed: waiting for visibility of element located by By.xpath: //a[@title=&quot;Organic French Roast&quot; and @tabindex=&quot;0&quot;] (tried for 15 second(s) with 500 milliseconds interval)
	at org.openqa.selenium.support.ui.WebDriverWait.timeoutException(WebDriverWait.java:113)
	at org.openqa.selenium.support.ui.FluentWait.until(FluentWait.java:283)
	at com.crm.qa.pages.Checkout_page.checkout(Checkout_page.java:81)
	at com.qa.testcases.checckout_page_test.checkout_check(checckout_page_test.java:29)
	at java.base/jdk.internal.reflect.NativeMethodAccessorImpl.invoke0(Native Method)
	at java.base/jdk.internal.reflect.NativeMethodAccessorImpl.invoke(NativeMethodAccessorImpl.java:62)
	at java.base/jdk.internal.reflect.DelegatingMethodAccessorImpl.invoke(DelegatingMethodAccessorImpl.java:43)
	at java.base/java.lang.reflect.Method.invoke(Method.java:564)
	at org.testng.internal.MethodInvocationHelper.invokeMethod(MethodInvocationHelper.java:135)
	at org.testng.internal.TestInvoker.invokeMethod(TestInvoker.java:598)
	at org.testng.internal.TestInvoker.invokeTestMethod(TestInvoker.java:174)
	at org.testng.internal.MethodRunner.runInSequence(MethodRunner.java:46)
	at org.testng.internal.TestInvoker$MethodInvocationAgent.invoke(TestInvoker.java:821)
	at org.testng.internal.TestInvoker.invokeTestMethods(TestInvoker.java:147)
	at org.testng.internal.TestMethodWorker.invokeTestMethods(TestMethodWorker.java:146)
	at org.testng.internal.TestMethodWorker.run(TestMethodWorker.java:128)
	at java.base/java.util.ArrayList.forEach(ArrayList.java:1510)
	at org.testng.TestRunner.privateRun(TestRunner.java:767)
	at org.testng.TestRunner.run(TestRunner.java:588)
	at org.testng.SuiteRunner.runTest(SuiteRunner.java:384)
	at org.testng.SuiteRunner.runSequentially(SuiteRunner.java:378)
	at org.testng.SuiteRunner.privateRun(SuiteRunner.java:337)
	at org.testng.SuiteRunner.run(SuiteRunner.java:286)
	at org.testng.SuiteRunnerWorker.runSuite(SuiteRunnerWorker.java:53)
	at org.testng.SuiteRunnerWorker.run(SuiteRunnerWorker.java:96)
	at org.testng.TestNG.runSuitesSequentially(TestNG.java:1214)
	at org.testng.TestNG.runSuitesLocally(TestNG.java:1136)
	at org.testng.TestNG.runSuites(TestNG.java:1066)
	at org.testng.TestNG.run(TestNG.java:1034)
	at org.testng.remote.AbstractRemoteTestNG.run(AbstractRemoteTestNG.java:115)
	at org.testng.remote.RemoteTestNG.initAndRun(RemoteTestNG.java:251)
	at org.testng.remote.RemoteTestNG.main(RemoteTestNG.java:77)
Caused by: org.openqa.selenium.NoSuchElementException: Cannot locate an element using By.xpath: //a[@title=&quot;Organic French Roast&quot; and @tabindex=&quot;0&quot;]
For documentation on this error, please visit: http://seleniumhq.org/exceptions/no_such_element.html
Build info: version: &apos;3.14.0&apos;, revision: &apos;aacccce0&apos;, time: &apos;2018-08-02T20:19:58.91Z&apos;
System info: host: &apos;DESKTOP-QSM3Q2F&apos;, ip: &apos;192.168.43.129&apos;, os.name: &apos;Windows 10&apos;, os.arch: &apos;amd64&apos;, os.version: &apos;10.0&apos;, java.version: &apos;14&apos;
Driver info: driver.version: unknown
	at org.openqa.selenium.support.ui.ExpectedConditions.lambda$findElement$0(ExpectedConditions.java:896)
	at java.base/java.util.Optional.orElseThrow(Optional.java:401)
	at org.openqa.selenium.support.ui.ExpectedConditions.findElement(ExpectedConditions.java:895)
	at org.openqa.selenium.support.ui.ExpectedConditions.access$000(ExpectedConditions.java:44)
	at org.openqa.selenium.support.ui.ExpectedConditions$7.apply(ExpectedConditions.java:206)
	at org.openqa.selenium.support.ui.ExpectedConditions$7.apply(ExpectedConditions.java:202)
	at org.openqa.selenium.support.ui.FluentWait.until(FluentWait.java:260)
	... 30 more
</pre></div></td>
<td>27</td>
<td>com.qa.testcases.checckout_page_test@49b0b76</td></tr>
</table><p>
<table width='100%' border='1' class='invocation-passed'>
<tr><td colspan='4' align='center'><b>PASSED TESTS</b></td></tr>
<tr><td><b>Test method</b></td>
<td width="30%"><b>Exception</b></td>
<td width="10%"><b>Time (seconds)</b></td>
<td><b>Instance</b></td>
</tr>
<tr>
<td title='com.qa.testcases.Footer_page_test.Help_Centerfooterlnkcheck()'><b>Help_Centerfooterlnkcheck</b><br>Test class: com.qa.testcases.Footer_page_test</td>
<td></td>
<td>0</td>
<td>com.qa.testcases.Footer_page_test@769f71a9</td></tr>
<tr>
<td title='com.qa.testcases.Homepagetest.Hoveronlocationsheaderlink()'><b>Hoveronlocationsheaderlink</b><br>Test class: com.qa.testcases.Homepagetest</td>
<td></td>
<td>0</td>
<td>com.qa.testcases.Homepagetest@76908cc0</td></tr>
<tr>
<td title='com.qa.testcases.Homepagetest.Hoveronmenuheaderlink()'><b>Hoveronmenuheaderlink</b><br>Test class: com.qa.testcases.Homepagetest</td>
<td></td>
<td>0</td>
<td>com.qa.testcases.Homepagetest@76908cc0</td></tr>
<tr>
<td title='com.qa.testcases.Homepagetest.Hoveronrewardslink()'><b>Hoveronrewardslink</b><br>Test class: com.qa.testcases.Homepagetest</td>
<td></td>
<td>0</td>
<td>com.qa.testcases.Homepagetest@76908cc0</td></tr>
<tr>
<td title='com.qa.testcases.Homepagetest.Hoveronsubscriptionsheaderlink()'><b>Hoveronsubscriptionsheaderlink</b><br>Test class: com.qa.testcases.Homepagetest</td>
<td></td>
<td>0</td>
<td>com.qa.testcases.Homepagetest@76908cc0</td></tr>
<tr>
<td title='com.qa.testcases.Homepagetest.Hoveronsubscriptionsheaderlinkclick()'><b>Hoveronsubscriptionsheaderlinkclick</b><br>Test class: com.qa.testcases.Homepagetest</td>
<td></td>
<td>0</td>
<td>com.qa.testcases.Homepagetest@76908cc0</td></tr>
<tr>
<td title='com.qa.testcases.Footer_page_test.HverifyMightyLeafTealnk()'><b>HverifyMightyLeafTealnk</b><br>Test class: com.qa.testcases.Footer_page_test</td>
<td></td>
<td>0</td>
<td>com.qa.testcases.Footer_page_test@769f71a9</td></tr>
<tr>
<td title='com.qa.testcases.Sign_up_page_test.addcntact()'><b>addcntact</b><br>Test class: com.qa.testcases.Sign_up_page_test<br>Parameters: tammy, james, tammg100@gmail.com, tammg100@gmail.com, Dolphin@123, Dolphin@123</td>
<td></td>
<td>23</td>
<td>com.qa.testcases.Sign_up_page_test@35047d03</td></tr>
<tr>
<td title='com.qa.testcases.Sign_up_page_test.addcntact()'><b>addcntact</b><br>Test class: com.qa.testcases.Sign_up_page_test<br>Parameters: gary, grovees, garygrovs2020@gmail.com, garygrovs2020@gmail.com, Dolphin@123, Dolphin@123</td>
<td></td>
<td>22</td>
<td>com.qa.testcases.Sign_up_page_test@35047d03</td></tr>
<tr>
<td title='com.qa.testcases.seachpagetest.clicksearch()'><b>clicksearch</b><br>Test class: com.qa.testcases.seachpagetest</td>
<td></td>
<td>7</td>
<td>com.qa.testcases.seachpagetest@2473d930</td></tr>
<tr>
<td title='com.qa.testcases.LoginPageTest.crmlogotest()'><b>crmlogotest</b><br>Test class: com.qa.testcases.LoginPageTest</td>
<td></td>
<td>0</td>
<td>com.qa.testcases.LoginPageTest@659a969b</td></tr>
<tr>
<td title='com.qa.testcases.LoginPageTest.loginpagetitletest()'><b>loginpagetitletest</b><br>Test class: com.qa.testcases.LoginPageTest</td>
<td></td>
<td>0</td>
<td>com.qa.testcases.LoginPageTest@659a969b</td></tr>
<tr>
<td title='com.qa.testcases.LoginPageTest.logintest()'><b>logintest</b><br>Test class: com.qa.testcases.LoginPageTest</td>
<td></td>
<td>14</td>
<td>com.qa.testcases.LoginPageTest@659a969b</td></tr>
<tr>
<td title='com.qa.testcases.Homepagetest.navigatetocoffeehomepage()'><b>navigatetocoffeehomepage</b><br>Test class: com.qa.testcases.Homepagetest</td>
<td></td>
<td>23</td>
<td>com.qa.testcases.Homepagetest@76908cc0</td></tr>
<tr>
<td title='com.qa.testcases.Homepagetest.navigatetoequipmenthomepage()'><b>navigatetoequipmenthomepage</b><br>Test class: com.qa.testcases.Homepagetest</td>
<td></td>
<td>2</td>
<td>com.qa.testcases.Homepagetest@76908cc0</td></tr>
<tr>
<td title='com.qa.testcases.Homepagetest.navigatetorewardshomepage()'><b>navigatetorewardshomepage</b><br>Test class: com.qa.testcases.Homepagetest</td>
<td></td>
<td>3</td>
<td>com.qa.testcases.Homepagetest@76908cc0</td></tr>
<tr>
<td title='com.qa.testcases.Homepagetest.navigatetoteahomepage()'><b>navigatetoteahomepage</b><br>Test class: com.qa.testcases.Homepagetest</td>
<td></td>
<td>2</td>
<td>com.qa.testcases.Homepagetest@76908cc0</td></tr>
<tr>
<td title='com.qa.testcases.seachpagetest.searchandscroll()'><b>searchandscroll</b><br>Test class: com.qa.testcases.seachpagetest</td>
<td></td>
<td>0</td>
<td>com.qa.testcases.seachpagetest@2473d930</td></tr>
<tr>
<td title='com.qa.testcases.seachpagetest.searchtea()'><b>searchtea</b><br>Test class: com.qa.testcases.seachpagetest</td>
<td></td>
<td>6</td>
<td>com.qa.testcases.seachpagetest@2473d930</td></tr>
<tr>
<td title='com.qa.testcases.Footer_page_test.verifyAffiliateProgramlnkcheck()'><b>verifyAffiliateProgramlnkcheck</b><br>Test class: com.qa.testcases.Footer_page_test</td>
<td></td>
<td>0</td>
<td>com.qa.testcases.Footer_page_test@769f71a9</td></tr>
<tr>
<td title='com.qa.testcases.Footer_page_test.verifyCodeofEthicslnkcheck()'><b>verifyCodeofEthicslnkcheck</b><br>Test class: com.qa.testcases.Footer_page_test</td>
<td></td>
<td>0</td>
<td>com.qa.testcases.Footer_page_test@769f71a9</td></tr>
<tr>
<td title='com.qa.testcases.Footer_page_test.verifyGrocery_Storeslink()'><b>verifyGrocery_Storeslink</b><br>Test class: com.qa.testcases.Footer_page_test</td>
<td></td>
<td>0</td>
<td>com.qa.testcases.Footer_page_test@769f71a9</td></tr>
<tr>
<td title='com.qa.testcases.Footer_page_test.verifyJoinPeetslink()'><b>verifyJoinPeetslink</b><br>Test class: com.qa.testcases.Footer_page_test</td>
<td></td>
<td>0</td>
<td>com.qa.testcases.Footer_page_test@769f71a9</td></tr>
<tr>
<td title='com.qa.testcases.Footer_page_test.verifyLicensedPartners()'><b>verifyLicensedPartners</b><br>Test class: com.qa.testcases.Footer_page_test</td>
<td></td>
<td>0</td>
<td>com.qa.testcases.Footer_page_test@769f71a9</td></tr>
<tr>
<td title='com.qa.testcases.Footer_page_test.verifyNewsroom()'><b>verifyNewsroom</b><br>Test class: com.qa.testcases.Footer_page_test</td>
<td></td>
<td>0</td>
<td>com.qa.testcases.Footer_page_test@769f71a9</td></tr>
<tr>
<td title='com.qa.testcases.Footer_page_test.verifyOfficeCoffeelink()'><b>verifyOfficeCoffeelink</b><br>Test class: com.qa.testcases.Footer_page_test</td>
<td></td>
<td>0</td>
<td>com.qa.testcases.Footer_page_test@769f71a9</td></tr>
<tr>
<td title='com.qa.testcases.Footer_page_test.verifyOurpeoplelink()'><b>verifyOurpeoplelink</b><br>Test class: com.qa.testcases.Footer_page_test</td>
<td></td>
<td>0</td>
<td>com.qa.testcases.Footer_page_test@769f71a9</td></tr>
<tr>
<td title='com.qa.testcases.Footer_page_test.verifyProudlyPouringlnkcheck()'><b>verifyProudlyPouringlnkcheck</b><br>Test class: com.qa.testcases.Footer_page_test</td>
<td></td>
<td>0</td>
<td>com.qa.testcases.Footer_page_test@769f71a9</td></tr>
<tr>
<td title='com.qa.testcases.Footer_page_test.verifyResponsibleSourcinglnkcheck()'><b>verifyResponsibleSourcinglnkcheck</b><br>Test class: com.qa.testcases.Footer_page_test</td>
<td></td>
<td>0</td>
<td>com.qa.testcases.Footer_page_test@769f71a9</td></tr>
<tr>
<td title='com.qa.testcases.Footer_page_test.verifySocialResponsibilitylink()'><b>verifySocialResponsibilitylink</b><br>Test class: com.qa.testcases.Footer_page_test</td>
<td></td>
<td>0</td>
<td>com.qa.testcases.Footer_page_test@769f71a9</td></tr>
<tr>
<td title='com.qa.testcases.Footer_page_test.verifySubmitASitelnkcheck()'><b>verifySubmitASitelnkcheck</b><br>Test class: com.qa.testcases.Footer_page_test</td>
<td></td>
<td>0</td>
<td>com.qa.testcases.Footer_page_test@769f71a9</td></tr>
<tr>
<td title='com.qa.testcases.Footer_page_test.verifySupplyChainTransparencylnk()'><b>verifySupplyChainTransparencylnk</b><br>Test class: com.qa.testcases.Footer_page_test</td>
<td></td>
<td>0</td>
<td>com.qa.testcases.Footer_page_test@769f71a9</td></tr>
<tr>
<td title='com.qa.testcases.Footer_page_test.verify_Current_Offerslink()'><b>verify_Current_Offerslink</b><br>Test class: com.qa.testcases.Footer_page_test</td>
<td></td>
<td>0</td>
<td>com.qa.testcases.Footer_page_test@769f71a9</td></tr>
<tr>
<td title='com.qa.testcases.Footer_page_test.verify_Peetnik_cardslnk()'><b>verify_Peetnik_cardslnk</b><br>Test class: com.qa.testcases.Footer_page_test</td>
<td></td>
<td>0</td>
<td>com.qa.testcases.Footer_page_test@769f71a9</td></tr>
<tr>
<td title='com.qa.testcases.Footer_page_test.verify_Peets_Cards()'><b>verify_Peets_Cards</b><br>Test class: com.qa.testcases.Footer_page_test</td>
<td></td>
<td>0</td>
<td>com.qa.testcases.Footer_page_test@769f71a9</td></tr>
<tr>
<td title='com.qa.testcases.Footer_page_test.verify_Shipping_Returnslink()'><b>verify_Shipping_Returnslink</b><br>Test class: com.qa.testcases.Footer_page_test</td>
<td></td>
<td>0</td>
<td>com.qa.testcases.Footer_page_test@769f71a9</td></tr>
<tr>
<td title='com.qa.testcases.Footer_page_test.verify_my_account_link()'><b>verify_my_account_link</b><br>Test class: com.qa.testcases.Footer_page_test</td>
<td></td>
<td>0</td>
<td>com.qa.testcases.Footer_page_test@769f71a9</td></tr>
<tr>
<td title='com.qa.testcases.Footer_page_test.verifyreferafriendlink()'><b>verifyreferafriendlink</b><br>Test class: com.qa.testcases.Footer_page_test</td>
<td></td>
<td>0</td>
<td>com.qa.testcases.Footer_page_test@769f71a9</td></tr>
</table><p>
</body>
</html>